<?xml version="1.0" encoding="UTF-8"?>
<!-- Generated by org.testng.reporters.JUnitReportReporter -->
<testsuite hostname="PARORA-LAPTOP" name="KuPortal.Test_HomePage" tests="4" failures="0" timestamp="5 Dec 2014 15:00:34 GMT" time="29.100" errors="0">
  <testcase name="CheckHome" time="5.296" classname="KuPortal.Test_HomePage"/>
  <testcase name="CheckMyStudies" time="11.945" classname="KuPortal.Test_HomePage"/>
  <testcase name="CheckMyStudies" time="9.152" classname="KuPortal.Test_HomePage"/>
  <testcase name="CheckHome" time="2.707" classname="KuPortal.Test_HomePage"/>
</testsuite> <!-- KuPortal.Test_HomePage -->
