<?xml version="1.0" encoding="UTF-8"?>
<!-- Generated by org.testng.reporters.JUnitReportReporter -->
<testsuite hostname="G-0439" name="sep_CreateAccount.SEP_CreateAccount" tests="2" failures="0" timestamp="11 Aug 2015 10:37:02 GMT" time="697.814" errors="0">
  <testcase name="CreateSEPAccount" time="38.825" classname="sep_CreateAccount.SEP_CreateAccount"/>
  <testcase name="VerifyLeadInSRM" time="658.989" classname="sep_CreateAccount.SEP_CreateAccount"/>
</testsuite> <!-- sep_CreateAccount.SEP_CreateAccount -->
