<?xml version="1.0" encoding="UTF-8"?>
<!-- Generated by org.testng.reporters.JUnitReportReporter -->
<testsuite hostname="G-0439" name="inquiry_Leads.AddInfoCall_Lead_Creation" tests="2" failures="0" timestamp="10 Aug 2015 10:32:11 GMT" time="431.963" errors="0">
  <testcase name="BrowseToAddInfoCallLeadPage" time="243.986" classname="inquiry_Leads.AddInfoCall_Lead_Creation"/>
  <testcase name="VerifyLeadInSRM" time="187.977" classname="inquiry_Leads.AddInfoCall_Lead_Creation"/>
</testsuite> <!-- inquiry_Leads.AddInfoCall_Lead_Creation -->
