<?xml version="1.0" encoding="UTF-8"?>
<!-- Generated by org.testng.reporters.JUnitReportReporter -->
<testsuite hostname="G-0439" name="orion3_LeadCreationSRM_Search.Lead_InfoCall" tests="6" failures="0" timestamp="10 Aug 2015 10:32:11 GMT" time="218.255" errors="0">
  <testcase name="Leads_ProgramOfInterest" time="2.325" classname="orion3_LeadCreationSRM_Search.Lead_InfoCall"/>
  <testcase name="BrowseToAddNewLeadPage" time="29.696" classname="orion3_LeadCreationSRM_Search.Lead_InfoCall"/>
  <testcase name="Leads_Details" time="2.692" classname="orion3_LeadCreationSRM_Search.Lead_InfoCall"/>
  <testcase name="VerifyLeadInSRM" time="175.431" classname="orion3_LeadCreationSRM_Search.Lead_InfoCall"/>
  <testcase name="SubmitLead" time="5.783" classname="orion3_LeadCreationSRM_Search.Lead_InfoCall"/>
  <testcase name="Leads_ClassificationDetails" time="2.328" classname="orion3_LeadCreationSRM_Search.Lead_InfoCall"/>
</testsuite> <!-- orion3_LeadCreationSRM_Search.Lead_InfoCall -->
