<?xml version="1.0" encoding="UTF-8"?>
<!-- Generated by org.testng.reporters.JUnitReportReporter -->
<testsuite hostname="G-0439" name="inquiry_Leads.AddLiveChat_Lead_Creation" tests="2" failures="0" timestamp="10 Aug 2015 10:32:11 GMT" time="462.583" errors="0">
  <testcase name="VerifyLeadInSRM" time="188.670" classname="inquiry_Leads.AddLiveChat_Lead_Creation"/>
  <testcase name="BrowseToAddInfoCallLeadPage" time="273.913" classname="inquiry_Leads.AddLiveChat_Lead_Creation"/>
</testsuite> <!-- inquiry_Leads.AddLiveChat_Lead_Creation -->
