<?xml version="1.0" encoding="UTF-8"?>
<!-- Generated by org.testng.reporters.JUnitReportReporter -->
<testsuite hostname="G-0439" name="inquiry_Leads.AddWarmTransfer_Lead_Creation" tests="2" failures="0" timestamp="10 Aug 2015 10:32:11 GMT" time="464.954" errors="0">
  <testcase name="BrowseToAddInfoCallLeadPage" time="275.666" classname="inquiry_Leads.AddWarmTransfer_Lead_Creation"/>
  <testcase name="VerifyLeadInSRM" time="189.288" classname="inquiry_Leads.AddWarmTransfer_Lead_Creation"/>
</testsuite> <!-- inquiry_Leads.AddWarmTransfer_Lead_Creation -->
