<?xml version="1.0" encoding="UTF-8"?>
<!-- Generated by org.testng.reporters.JUnitReportReporter -->
<testsuite hostname="G-0439" name="orion3_Navigation.AddALeadReferralPage" tests="12" failures="0" timestamp="16 Jul 2015 06:58:42 GMT" time="3.755" errors="0">
  <testcase name="verifyDaytimePhoneLabelAndField" time="0.070" classname="orion3_Navigation.AddALeadReferralPage"/>
  <testcase name="verifyStudentReferrringIDLabelAndField" time="0.067" classname="orion3_Navigation.AddALeadReferralPage"/>
  <testcase name="verifyFirstNameLabelAndField" time="0.081" classname="orion3_Navigation.AddALeadReferralPage"/>
  <testcase name="verifyRequiredInformationText" time="0.035" classname="orion3_Navigation.AddALeadReferralPage"/>
  <testcase name="verifyEmailAddressLabelAndField" time="0.073" classname="orion3_Navigation.AddALeadReferralPage"/>
  <testcase name="verifyLastNameLabelAndField" time="0.198" classname="orion3_Navigation.AddALeadReferralPage"/>
  <testcase name="verifyTCPALabelAndField" time="0.073" classname="orion3_Navigation.AddALeadReferralPage"/>
  <testcase name="verifyEveningtimePhoneLabelAndField" time="0.080" classname="orion3_Navigation.AddALeadReferralPage"/>
  <testcase name="verifyCityLabelAndField" time="0.072" classname="orion3_Navigation.AddALeadReferralPage"/>
  <testcase name="verifyOtherPhoneLabelAndField" time="0.069" classname="orion3_Navigation.AddALeadReferralPage"/>
  <testcase name="verifyAddaLeadReferralText" time="2.870" classname="orion3_Navigation.AddALeadReferralPage"/>
  <testcase name="verifyStateLabelAndField" time="0.067" classname="orion3_Navigation.AddALeadReferralPage"/>
</testsuite> <!-- orion3_Navigation.AddALeadReferralPage -->
