<?xml version="1.0" encoding="UTF-8"?>
<!-- Generated by org.testng.reporters.JUnitReportReporter -->
<testsuite hostname="G-0439" name="inquiry_Leads.AddInquiry_Referral_Lead_Creation" tests="2" failures="0" timestamp="10 Aug 2015 10:32:11 GMT" time="370.075" errors="0">
  <testcase name="BrowseToAddNewReferralLeadPage" time="181.029" classname="inquiry_Leads.AddInquiry_Referral_Lead_Creation"/>
  <testcase name="VerifyLeadInSRM" time="189.046" classname="inquiry_Leads.AddInquiry_Referral_Lead_Creation"/>
</testsuite> <!-- inquiry_Leads.AddInquiry_Referral_Lead_Creation -->
