<?xml version="1.0" encoding="UTF-8"?>
<!-- Generated by org.testng.reporters.JUnitReportReporter -->
<testsuite hostname="G-0439" name="inquiry_Leads.AddLiveChat_Lead_Creation" tests="2" failures="0" timestamp="19 Sep 2015 01:45:55 GMT" time="506.577" errors="0">
  <testcase name="VerifyLeadInSRM" time="190.244" classname="inquiry_Leads.AddLiveChat_Lead_Creation"/>
  <testcase name="BrowseToAddInfoCallLeadPage" time="316.333" classname="inquiry_Leads.AddLiveChat_Lead_Creation"/>
</testsuite> <!-- inquiry_Leads.AddLiveChat_Lead_Creation -->
