<?xml version="1.0" encoding="UTF-8"?>
<!-- Generated by org.testng.reporters.JUnitReportReporter -->
<testsuite hostname="G-0439" name="inquiry_Leads.AddInfoCall_Lead_Creation" tests="2" failures="0" timestamp="4 Jan 2016 11:12:03 GMT" time="247.185" errors="0">
  <testcase name="BrowseToAddInfoCallLeadPage" time="238.595" classname="inquiry_Leads.AddInfoCall_Lead_Creation"/>
  <testcase name="VerifyLeadInSRM" time="8.590" classname="inquiry_Leads.AddInfoCall_Lead_Creation"/>
</testsuite> <!-- inquiry_Leads.AddInfoCall_Lead_Creation -->
