<?xml version="1.0" encoding="UTF-8"?>
<!-- Generated by org.testng.reporters.JUnitReportReporter -->
<testsuite hostname="G-0439" name="orion3_B2BLeadCreation.B2BLeadCreation" tests="1" failures="0" timestamp="20 Apr 2015 01:00:20 GMT" time="14.768" errors="0">
  <testcase name="BrowseToAddB2BNewLeadPage" time="14.768" classname="orion3_B2BLeadCreation.B2BLeadCreation"/>
</testsuite> <!-- orion3_B2BLeadCreation.B2BLeadCreation -->
