<?xml version="1.0" encoding="UTF-8"?>
<!-- Generated by org.testng.reporters.JUnitReportReporter -->
<testsuite hostname="G-0439" name="orion3_LeadCreationSRM_Search.Lead_InfoCall" tests="6" failures="0" timestamp="1 Jul 2015 10:47:27 GMT" time="70.092" errors="0">
  <testcase name="Leads_Details" time="2.755" classname="orion3_LeadCreationSRM_Search.Lead_InfoCall"/>
  <testcase name="Leads_ClassificationDetails" time="2.093" classname="orion3_LeadCreationSRM_Search.Lead_InfoCall"/>
  <testcase name="VerifyLeadInSRM" time="55.986" classname="orion3_LeadCreationSRM_Search.Lead_InfoCall"/>
  <testcase name="Leads_ProgramOfInterest" time="2.238" classname="orion3_LeadCreationSRM_Search.Lead_InfoCall"/>
  <testcase name="SubmitLead" time="2.403" classname="orion3_LeadCreationSRM_Search.Lead_InfoCall"/>
  <testcase name="BrowseToAddNewLeadPage" time="4.617" classname="orion3_LeadCreationSRM_Search.Lead_InfoCall"/>
</testsuite> <!-- orion3_LeadCreationSRM_Search.Lead_InfoCall -->
