<?xml version="1.0" encoding="UTF-8"?>
<!-- Generated by org.testng.reporters.JUnitReportReporter -->
<testsuite hostname="G-0439" name="inquiry_Leads.AddInquiry_Referral_Lead_Creation" tests="2" failures="0" timestamp="19 Sep 2015 01:45:55 GMT" time="434.146" errors="0">
  <testcase name="VerifyLeadInSRM" time="192.278" classname="inquiry_Leads.AddInquiry_Referral_Lead_Creation"/>
  <testcase name="BrowseToAddNewReferralLeadPage" time="241.868" classname="inquiry_Leads.AddInquiry_Referral_Lead_Creation"/>
</testsuite> <!-- inquiry_Leads.AddInquiry_Referral_Lead_Creation -->
