<?xml version="1.0" encoding="UTF-8"?>
<!-- Generated by org.testng.reporters.JUnitReportReporter -->
<testsuite hostname="G-0439" name="validateIWDTasks.SRMLead_Creation" tests="4" failures="0" timestamp="9 Dec 2015 13:24:41 GMT" time="206.198" errors="0">
  <testcase name="BrowseToAddNewReferralLeadPage" time="78.426" classname="validateIWDTasks.SRMLead_Creation"/>
  <testcase name="VerifyLeadInSRM" time="48.550" classname="validateIWDTasks.SRMLead_Creation"/>
  <testcase name="verifyUsercredentials" time="68.877" classname="validateIWDTasks.SRMLead_Creation"/>
  <testcase name="GetSyStudentID" time="10.345" classname="validateIWDTasks.SRMLead_Creation"/>
</testsuite> <!-- validateIWDTasks.SRMLead_Creation -->
