<?xml version="1.0" encoding="UTF-8"?>
<!-- Generated by org.testng.reporters.JUnitReportReporter -->
<testsuite hostname="G-0439" name="validateCollege_InformationSRM.ValidateCollege_InformationSRM" tests="6" failures="0" timestamp="16 Dec 2015 12:51:20 GMT" time="1840.168" errors="0">
  <testcase name="SRM__Lead_Details" time="642.424" classname="validateCollege_InformationSRM.ValidateCollege_InformationSRM"/>
  <testcase name="VerifyNewOpportunityInSRM" time="397.334" classname="validateCollege_InformationSRM.ValidateCollege_InformationSRM"/>
  <testcase name="BrowseToAddInfoCallLeadPage" time="254.673" classname="validateCollege_InformationSRM.ValidateCollege_InformationSRM"/>
  <testcase name="VerifyLeadInSRM" time="11.795" classname="validateCollege_InformationSRM.ValidateCollege_InformationSRM"/>
  <testcase name="Lead_Flow" time="193.659" classname="validateCollege_InformationSRM.ValidateCollege_InformationSRM"/>
  <testcase name="VerifyOpportunityInSRM" time="340.283" classname="validateCollege_InformationSRM.ValidateCollege_InformationSRM"/>
</testsuite> <!-- validateCollege_InformationSRM.ValidateCollege_InformationSRM -->
