<?xml version="1.0" encoding="UTF-8"?>
<!-- Generated by org.testng.reporters.JUnitReportReporter -->
<testsuite hostname="G-0439" name="b2b_LeadCreation.B2BLeadCreation" tests="2" failures="0" timestamp="21 Sep 2015 10:21:50 GMT" time="1175.643" errors="0">
  <testcase name="VerifyB2BLeadInSRM" time="1115.813" classname="b2b_LeadCreation.B2BLeadCreation"/>
  <testcase name="BrowseToAddB2BNewLeadPage" time="59.830" classname="b2b_LeadCreation.B2BLeadCreation"/>
</testsuite> <!-- b2b_LeadCreation.B2BLeadCreation -->
