<?xml version="1.0" encoding="UTF-8"?>
<!-- Generated by org.testng.reporters.JUnitReportReporter -->
<testsuite hostname="G-0439" name="validateStartDate_InformationSRM.ValidateStartDate_Information" tests="5" failures="0" timestamp="19 Jan 2016 09:24:39 GMT" time="1298.670" errors="0">
  <testcase name="SRM__Lead_Details" time="709.032" classname="validateStartDate_InformationSRM.ValidateStartDate_Information"/>
  <testcase name="VerifyOpportunityInSRM" time="108.981" classname="validateStartDate_InformationSRM.ValidateStartDate_Information"/>
  <testcase name="Lead_Flow" time="192.919" classname="validateStartDate_InformationSRM.ValidateStartDate_Information"/>
  <testcase name="VerifyLeadInSRM" time="8.923" classname="validateStartDate_InformationSRM.ValidateStartDate_Information"/>
  <testcase name="BrowseToAddInfoCallLeadPage" time="278.815" classname="validateStartDate_InformationSRM.ValidateStartDate_Information"/>
</testsuite> <!-- validateStartDate_InformationSRM.ValidateStartDate_Information -->
