<?xml version="1.0" encoding="UTF-8"?>
<!-- Generated by org.testng.reporters.JUnitReportReporter -->
<testsuite hostname="G-0439" name="inquiry_Leads.Lead_Import" tests="1" failures="0" timestamp="19 Sep 2015 01:45:55 GMT" time="48.143" errors="0">
  <testcase name="LeadImportPage" time="48.143" classname="inquiry_Leads.Lead_Import"/>
</testsuite> <!-- inquiry_Leads.Lead_Import -->
