<?xml version="1.0" encoding="UTF-8"?>
<!-- Generated by org.testng.reporters.JUnitReportReporter -->
<testsuite hostname="G-0439" name="inquiry_Leads.AddInquiry_Referral_Lead_Creation" tests="1" failures="0" timestamp="24 Jul 2015 12:53:01 GMT" time="123.135" errors="0">
  <testcase name="BrowseToAddNewReferralLeadPage" time="123.135" classname="inquiry_Leads.AddInquiry_Referral_Lead_Creation"/>
</testsuite> <!-- inquiry_Leads.AddInquiry_Referral_Lead_Creation -->
