<?xml version="1.0" encoding="UTF-8"?>
<!-- Generated by org.testng.reporters.JUnitReportReporter -->
<testsuite hostname="G-0439" name="orion3_FileClose.FileCloseStudentManager" tests="2" failures="0" timestamp="18 Jun 2015 09:08:45 GMT" time="58.564" errors="0">
  <testcase name="ClickOnFirstLeads" time="46.398" classname="orion3_FileClose.FileCloseStudentManager"/>
  <testcase name="SearchInformationDetails" time="12.166" classname="orion3_FileClose.FileCloseStudentManager"/>
</testsuite> <!-- orion3_FileClose.FileCloseStudentManager -->
