<?xml version="1.0" encoding="UTF-8"?>
<!-- Generated by org.testng.reporters.JUnitReportReporter -->
<testsuite hostname="G-0439" name="orion3_LeadCreationSRM_Search.Lead_InfoCall" tests="6" failures="0" timestamp="20 Jul 2015 07:49:26 GMT" time="113.587" errors="0">
  <testcase name="Leads_ProgramOfInterest" time="2.459" classname="orion3_LeadCreationSRM_Search.Lead_InfoCall"/>
  <testcase name="VerifyLeadInSRM" time="95.193" classname="orion3_LeadCreationSRM_Search.Lead_InfoCall"/>
  <testcase name="Leads_ClassificationDetails" time="4.228" classname="orion3_LeadCreationSRM_Search.Lead_InfoCall"/>
  <testcase name="BrowseToAddNewLeadPage" time="6.731" classname="orion3_LeadCreationSRM_Search.Lead_InfoCall"/>
  <testcase name="SubmitLead" time="1.941" classname="orion3_LeadCreationSRM_Search.Lead_InfoCall"/>
  <testcase name="Leads_Details" time="3.035" classname="orion3_LeadCreationSRM_Search.Lead_InfoCall"/>
</testsuite> <!-- orion3_LeadCreationSRM_Search.Lead_InfoCall -->
