<?xml version="1.0" encoding="UTF-8"?>
<!-- Generated by org.testng.reporters.JUnitReportReporter -->
<testsuite hostname="G-0439" name="inquiry_Leads.AddInquiry_Referral_Lead_Creation" tests="2" failures="0" timestamp="9 Dec 2015 09:30:43 GMT" time="5399.549" errors="0">
  <testcase name="VerifyLeadInSRM" time="5191.061" classname="inquiry_Leads.AddInquiry_Referral_Lead_Creation"/>
  <testcase name="BrowseToAddNewReferralLeadPage" time="208.488" classname="inquiry_Leads.AddInquiry_Referral_Lead_Creation"/>
</testsuite> <!-- inquiry_Leads.AddInquiry_Referral_Lead_Creation -->
