<?xml version="1.0" encoding="UTF-8"?>
<!-- Generated by org.testng.reporters.JUnitReportReporter -->
<testsuite hostname="G-0439" name="orion3_Navigation.TicketAdminTab" tests="5" failures="0" timestamp="18 Jun 2015 09:08:44 GMT" time="19.094" errors="0">
  <testcase name="verifyTicketQueueManager" time="1.819" classname="orion3_Navigation.TicketAdminTab"/>
  <testcase name="verifyActionResultManager" time="5.092" classname="orion3_Navigation.TicketAdminTab"/>
  <testcase name="verifyActionCategoryManager" time="6.675" classname="orion3_Navigation.TicketAdminTab"/>
  <testcase name="verifyEmailTemplateMgrAdmissions" time="2.511" classname="orion3_Navigation.TicketAdminTab"/>
  <testcase name="verifyTicketTypeManager" time="2.997" classname="orion3_Navigation.TicketAdminTab"/>
</testsuite> <!-- orion3_Navigation.TicketAdminTab -->
