<?xml version="1.0" encoding="UTF-8"?>
<!-- Generated by org.testng.reporters.JUnitReportReporter -->
<testsuite hostname="G-0439" name="orion3_LeadCreationSRM_Search.Orion3LeadTransfer" tests="6" failures="0" timestamp="23 Nov 2015 11:34:32 GMT" time="249.835" errors="0">
  <testcase name="SubmitLead" time="10.712" classname="orion3_LeadCreationSRM_Search.Orion3LeadTransfer"/>
  <testcase name="VerifyLeadInSRM" time="175.791" classname="orion3_LeadCreationSRM_Search.Orion3LeadTransfer"/>
  <testcase name="Leads_ProgramOfInterest" time="2.180" classname="orion3_LeadCreationSRM_Search.Orion3LeadTransfer"/>
  <testcase name="Leads_Details" time="3.026" classname="orion3_LeadCreationSRM_Search.Orion3LeadTransfer"/>
  <testcase name="Leads_ClassificationDetails" time="1.901" classname="orion3_LeadCreationSRM_Search.Orion3LeadTransfer"/>
  <testcase name="BrowseToAddNewLeadPage" time="56.225" classname="orion3_LeadCreationSRM_Search.Orion3LeadTransfer"/>
</testsuite> <!-- orion3_LeadCreationSRM_Search.Orion3LeadTransfer -->
