<?xml version="1.0" encoding="UTF-8"?>
<!-- Generated by org.testng.reporters.JUnitReportReporter -->
<testsuite hostname="G-0439" name="inquiry_Leads.AddInfoCall_Lead_Creation" tests="2" failures="0" timestamp="21 Oct 2015 09:54:07 GMT" time="444.665" errors="0">
  <testcase name="BrowseToAddInfoCallLeadPage" time="253.132" classname="inquiry_Leads.AddInfoCall_Lead_Creation"/>
  <testcase name="VerifyLeadInSRM" time="191.533" classname="inquiry_Leads.AddInfoCall_Lead_Creation"/>
</testsuite> <!-- inquiry_Leads.AddInfoCall_Lead_Creation -->
