<?xml version="1.0" encoding="UTF-8"?>
<!-- Generated by org.testng.reporters.JUnitReportReporter -->
<testsuite hostname="G-0439" name="b2b_LeadCreation.B2BLeadCreation" tests="2" failures="0" timestamp="23 Dec 2015 07:45:19 GMT" time="48.071" errors="0">
  <testcase name="VerifyB2BLeadInSRM" time="38.785" classname="b2b_LeadCreation.B2BLeadCreation"/>
  <testcase name="BrowseToAddB2BNewLeadPage" time="9.286" classname="b2b_LeadCreation.B2BLeadCreation"/>
</testsuite> <!-- b2b_LeadCreation.B2BLeadCreation -->
