<?xml version="1.0" encoding="UTF-8"?>
<!-- Generated by org.testng.reporters.JUnitReportReporter -->
<testsuite hostname="G-0439" name="inquiry_Leads.AddWarmTransfer_Lead_Creation" tests="2" failures="0" timestamp="19 Sep 2015 01:45:55 GMT" time="5486.787" errors="0">
  <testcase name="VerifyLeadInSRM" time="5188.793" classname="inquiry_Leads.AddWarmTransfer_Lead_Creation"/>
  <testcase name="BrowseToAddInfoCallLeadPage" time="297.994" classname="inquiry_Leads.AddWarmTransfer_Lead_Creation"/>
</testsuite> <!-- inquiry_Leads.AddWarmTransfer_Lead_Creation -->
