<?xml version="1.0" encoding="UTF-8"?>
<!-- Generated by org.testng.reporters.JUnitReportReporter -->
<testsuite hostname="G-0439" name="inquiry_Leads.AddInquiry_Referral_Lead_Creation" tests="2" failures="0" timestamp="4 Jan 2016 11:12:03 GMT" time="161.756" errors="0">
  <testcase name="VerifyLeadInSRM" time="8.624" classname="inquiry_Leads.AddInquiry_Referral_Lead_Creation"/>
  <testcase name="BrowseToAddNewReferralLeadPage" time="153.132" classname="inquiry_Leads.AddInquiry_Referral_Lead_Creation"/>
</testsuite> <!-- inquiry_Leads.AddInquiry_Referral_Lead_Creation -->
