<?xml version="1.0" encoding="UTF-8"?>
<!-- Generated by org.testng.reporters.JUnitReportReporter -->
<testsuite hostname="G-0439" name="inquiry_Leads.ValidateODINotification" tests="9" failures="0" timestamp="9 Dec 2015 14:11:36 GMT" time="656.575" errors="0">
  <testcase name="ProgressLeadtoContacted" time="35.967" classname="inquiry_Leads.ValidateODINotification"/>
  <testcase name="BrowseToAddInfoCallLeadPage" time="241.304" classname="inquiry_Leads.ValidateODINotification"/>
  <testcase name="VerifyDeleteFlagSRM" time="63.476" classname="inquiry_Leads.ValidateODINotification"/>
  <testcase name="VerifyLeadInSRM" time="39.251" classname="inquiry_Leads.ValidateODINotification"/>
  <testcase name="DocSchedule" time="60.574" classname="inquiry_Leads.ValidateODINotification"/>
  <testcase name="VerifyOpportunityAccounts" time="73.858" classname="inquiry_Leads.ValidateODINotification"/>
  <testcase name="DeleteDocOrion1" time="52.083" classname="inquiry_Leads.ValidateODINotification"/>
  <testcase name="ConvertOpportunityAccounts" time="37.689" classname="inquiry_Leads.ValidateODINotification"/>
  <testcase name="VerifyDocSchedinSRM" time="52.373" classname="inquiry_Leads.ValidateODINotification"/>
</testsuite> <!-- inquiry_Leads.ValidateODINotification -->
