<?xml version="1.0" encoding="UTF-8"?>
<!-- Generated by org.testng.reporters.JUnitReportReporter -->
<testsuite hostname="G-0439" name="orion1ProgramRollup.Orion1ProgramRollUp" tests="3" failures="0" timestamp="9 Dec 2015 11:59:21 GMT" time="353.036" errors="0">
  <testcase name="Orion1ProgramRollupNavigation" time="36.184" classname="orion1ProgramRollup.Orion1ProgramRollUp"/>
  <testcase name="VerifyDataOnMappingPage" time="237.235" classname="orion1ProgramRollup.Orion1ProgramRollUp"/>
  <testcase name="VerifyInSalesForce" time="79.617" classname="orion1ProgramRollup.Orion1ProgramRollUp"/>
</testsuite> <!-- orion1ProgramRollup.Orion1ProgramRollUp -->
