<?xml version="1.0" encoding="UTF-8"?>
<!-- Generated by org.testng.reporters.JUnitReportReporter -->
<testsuite hostname="G-0439" name="validateTCPA_Military_Remarketing.TCPA_Yes_Military_Opportunity_Remarketing_DoNotCall_TCPANo" tests="2" failures="0" timestamp="6 Apr 2016 11:34:40 GMT" time="226.685" errors="0">
  <testcase name="BrowseToAddNewReferralLeadPage" time="143.176" classname="validateTCPA_Military_Remarketing.TCPA_Yes_Military_Opportunity_Remarketing_DoNotCall_TCPANo"/>
  <testcase name="VerifyLeadInSRM" time="83.509" classname="validateTCPA_Military_Remarketing.TCPA_Yes_Military_Opportunity_Remarketing_DoNotCall_TCPANo"/>
</testsuite> <!-- validateTCPA_Military_Remarketing.TCPA_Yes_Military_Opportunity_Remarketing_DoNotCall_TCPANo -->
