<?xml version="1.0" encoding="UTF-8"?>
<!-- Generated by org.testng.reporters.JUnitReportReporter -->
<testsuite hostname="G-0439" name="orion3_LeadCreation.Lead_WarmTransfer" tests="6" failures="0" timestamp="24 Mar 2015 09:00:07 GMT" time="58.371" errors="0">
  <testcase name="Leads_ClassificationDetails" time="3.831" classname="orion3_LeadCreation.Lead_WarmTransfer"/>
  <testcase name="SubmitLead" time="2.761" classname="orion3_LeadCreation.Lead_WarmTransfer"/>
  <testcase name="VerifyLeadInAdmisssionManager" time="29.541" classname="orion3_LeadCreation.Lead_WarmTransfer"/>
  <testcase name="BrowseToAddNewLeadPage" time="15.193" classname="orion3_LeadCreation.Lead_WarmTransfer"/>
  <testcase name="Leads_Details" time="3.482" classname="orion3_LeadCreation.Lead_WarmTransfer"/>
  <testcase name="Leads_ProgramOfInterest" time="3.563" classname="orion3_LeadCreation.Lead_WarmTransfer"/>
</testsuite> <!-- orion3_LeadCreation.Lead_WarmTransfer -->
