<?xml version="1.0" encoding="UTF-8"?>
<!-- Generated by org.testng.reporters.JUnitReportReporter -->
<testsuite hostname="G-0439" name="orion3_Navigation.OpsAdminTab" tests="6" failures="0" timestamp="30 Mar 2015 08:46:46 GMT" time="16.253" errors="0">
  <testcase name="verifyEmailTemplateMgrPostEnroll" time="2.967" classname="orion3_Navigation.OpsAdminTab"/>
  <testcase name="verifyIQM_CancelLeadTransfer" time="1.958" classname="orion3_Navigation.OpsAdminTab"/>
  <testcase name="verifyARA_ManageTiers" time="2.578" classname="orion3_Navigation.OpsAdminTab"/>
  <testcase name="verifyIQM_LeadTransfer" time="1.973" classname="orion3_Navigation.OpsAdminTab"/>
  <testcase name="verifyALCCampaignManagerUploadLeads" time="2.052" classname="orion3_Navigation.OpsAdminTab"/>
  <testcase name="verifyEmailTemplateMgrAdmissions" time="4.725" classname="orion3_Navigation.OpsAdminTab"/>
</testsuite> <!-- orion3_Navigation.OpsAdminTab -->
