<?xml version="1.0" encoding="UTF-8"?>
<!-- Generated by org.testng.reporters.JUnitReportReporter -->
<testsuite hostname="G-0439" name="orion3_LeadCreation.Lead_WarmTransfer" tests="6" failures="0" timestamp="30 Mar 2015 08:46:46 GMT" time="133.114" errors="0">
  <testcase name="Leads_Details" time="2.493" classname="orion3_LeadCreation.Lead_WarmTransfer"/>
  <testcase name="SubmitLead" time="1.482" classname="orion3_LeadCreation.Lead_WarmTransfer"/>
  <testcase name="VerifyLeadInAdmisssionManager" time="115.550" classname="orion3_LeadCreation.Lead_WarmTransfer"/>
  <testcase name="Leads_ClassificationDetails" time="3.525" classname="orion3_LeadCreation.Lead_WarmTransfer"/>
  <testcase name="BrowseToAddNewLeadPage" time="8.302" classname="orion3_LeadCreation.Lead_WarmTransfer"/>
  <testcase name="Leads_ProgramOfInterest" time="1.762" classname="orion3_LeadCreation.Lead_WarmTransfer"/>
</testsuite> <!-- orion3_LeadCreation.Lead_WarmTransfer -->
