<?xml version="1.0" encoding="UTF-8"?>
<!-- Generated by org.testng.reporters.JUnitReportReporter -->
<testsuite hostname="G-0439" name="orion3_Navigation.AddALeadReferralPage" tests="12" failures="0" timestamp="24 Mar 2015 09:00:07 GMT" time="0.813" errors="0">
  <testcase name="verifyRequiredInformationText" time="0.037" classname="orion3_Navigation.AddALeadReferralPage"/>
  <testcase name="verifyOtherPhoneLabelAndField" time="0.067" classname="orion3_Navigation.AddALeadReferralPage"/>
  <testcase name="verifyAddaLeadReferralText" time="0.080" classname="orion3_Navigation.AddALeadReferralPage"/>
  <testcase name="verifyEmailAddressLabelAndField" time="0.070" classname="orion3_Navigation.AddALeadReferralPage"/>
  <testcase name="verifyStudentReferrringIDLabelAndField" time="0.065" classname="orion3_Navigation.AddALeadReferralPage"/>
  <testcase name="verifyEveningtimePhoneLabelAndField" time="0.071" classname="orion3_Navigation.AddALeadReferralPage"/>
  <testcase name="verifyFirstNameLabelAndField" time="0.070" classname="orion3_Navigation.AddALeadReferralPage"/>
  <testcase name="verifyStateLabelAndField" time="0.069" classname="orion3_Navigation.AddALeadReferralPage"/>
  <testcase name="verifyDaytimePhoneLabelAndField" time="0.087" classname="orion3_Navigation.AddALeadReferralPage"/>
  <testcase name="verifyTCPALabelAndField" time="0.070" classname="orion3_Navigation.AddALeadReferralPage"/>
  <testcase name="verifyCityLabelAndField" time="0.091" classname="orion3_Navigation.AddALeadReferralPage"/>
  <testcase name="verifyLastNameLabelAndField" time="0.036" classname="orion3_Navigation.AddALeadReferralPage"/>
</testsuite> <!-- orion3_Navigation.AddALeadReferralPage -->
