<?xml version="1.0" encoding="UTF-8"?>
<!-- Generated by org.testng.reporters.JUnitReportReporter -->
<testsuite hostname="G-0439" name="orion3_LeadCreation.Lead_Referral" tests="4" failures="0" timestamp="24 Mar 2015 09:00:07 GMT" time="83.184" errors="0">
  <testcase name="SubmitLead" time="10.930" classname="orion3_LeadCreation.Lead_Referral"/>
  <testcase name="VerifyLeadInAdmisssionManager" time="34.986" classname="orion3_LeadCreation.Lead_Referral"/>
  <testcase name="BrowseToAddNewLeadPage" time="31.706" classname="orion3_LeadCreation.Lead_Referral"/>
  <testcase name="Leads_Details" time="5.562" classname="orion3_LeadCreation.Lead_Referral"/>
</testsuite> <!-- orion3_LeadCreation.Lead_Referral -->
