<?xml version="1.0" encoding="UTF-8"?>
<!-- Generated by org.testng.reporters.JUnitReportReporter -->
<testsuite hostname="G-0439" name="orion3_Navigation.AcademicsTab" tests="2" failures="0" timestamp="18 Jun 2015 09:08:44 GMT" time="53.415" errors="0">
  <testcase name="verifyRepManagerPage" time="9.948" classname="orion3_Navigation.AcademicsTab"/>
  <testcase name="verifyAutoAssignHistoryPage" time="43.467" classname="orion3_Navigation.AcademicsTab"/>
</testsuite> <!-- orion3_Navigation.AcademicsTab -->
