<?xml version="1.0" encoding="UTF-8"?>
<!-- Generated by org.testng.reporters.JUnitReportReporter -->
<testsuite hostname="G-0439" name="orion3_Navigation.TicketAdminTab" tests="5" failures="0" timestamp="30 Mar 2015 08:46:46 GMT" time="24.529" errors="0">
  <testcase name="verifyActionCategoryManager" time="13.277" classname="orion3_Navigation.TicketAdminTab"/>
  <testcase name="verifyTicketTypeManager" time="2.304" classname="orion3_Navigation.TicketAdminTab"/>
  <testcase name="verifyActionResultManager" time="4.541" classname="orion3_Navigation.TicketAdminTab"/>
  <testcase name="verifyEmailTemplateMgrAdmissions" time="2.332" classname="orion3_Navigation.TicketAdminTab"/>
  <testcase name="verifyTicketQueueManager" time="2.075" classname="orion3_Navigation.TicketAdminTab"/>
</testsuite> <!-- orion3_Navigation.TicketAdminTab -->
