<?xml version="1.0" encoding="UTF-8"?>
<!-- Generated by org.testng.reporters.JUnitReportReporter -->
<testsuite hostname="G-0439" name="orion3_LeadCreation.Lead_InfoCall" tests="6" failures="0" timestamp="30 Mar 2015 08:46:46 GMT" time="134.710" errors="0">
  <testcase name="SubmitLead" time="3.686" classname="orion3_LeadCreation.Lead_InfoCall"/>
  <testcase name="VerifyLeadInAdmisssionManager" time="116.408" classname="orion3_LeadCreation.Lead_InfoCall"/>
  <testcase name="Leads_ClassificationDetails" time="1.762" classname="orion3_LeadCreation.Lead_InfoCall"/>
  <testcase name="Leads_ProgramOfInterest" time="1.992" classname="orion3_LeadCreation.Lead_InfoCall"/>
  <testcase name="Leads_Details" time="1.972" classname="orion3_LeadCreation.Lead_InfoCall"/>
  <testcase name="BrowseToAddNewLeadPage" time="8.890" classname="orion3_LeadCreation.Lead_InfoCall"/>
</testsuite> <!-- orion3_LeadCreation.Lead_InfoCall -->
