<?xml version="1.0" encoding="UTF-8"?>
<!-- Generated by org.testng.reporters.JUnitReportReporter -->
<testsuite hostname="G-0439" name="orion3_LeadCreation.Lead_Referral" tests="4" failures="0" timestamp="9 Apr 2015 11:52:27 GMT" time="131.805" errors="0">
  <testcase name="Leads_Details" time="1.884" classname="orion3_LeadCreation.Lead_Referral"/>
  <testcase name="BrowseToAddNewLeadPage" time="10.505" classname="orion3_LeadCreation.Lead_Referral"/>
  <testcase name="SubmitLead" time="1.640" classname="orion3_LeadCreation.Lead_Referral"/>
  <testcase name="VerifyLeadInAdmisssionManager" time="117.776" classname="orion3_LeadCreation.Lead_Referral"/>
</testsuite> <!-- orion3_LeadCreation.Lead_Referral -->
