<?xml version="1.0" encoding="UTF-8"?>
<!-- Generated by org.testng.reporters.JUnitReportReporter -->
<testsuite hostname="G-0439" name="orion3_Navigation.AdmissionsTab" tests="8" failures="0" timestamp="30 Mar 2015 08:46:46 GMT" time="51.333" errors="0">
  <testcase name="verifyAdmissionsManagerPage" time="8.071" classname="orion3_Navigation.AdmissionsTab"/>
  <testcase name="verifyOpsUpdateArchivePage" time="15.807" classname="orion3_Navigation.AdmissionsTab"/>
  <testcase name="verifySearchLeadAllNewPage" time="4.511" classname="orion3_Navigation.AdmissionsTab"/>
  <testcase name="verifyEnrollmentExceptionsPage" time="6.849" classname="orion3_Navigation.AdmissionsTab"/>
  <testcase name="verifyReassignLeadsPage" time="3.937" classname="orion3_Navigation.AdmissionsTab"/>
  <testcase name="verifySearchRepPage" time="2.652" classname="orion3_Navigation.AdmissionsTab"/>
  <testcase name="verifySearchLeadPage" time="4.521" classname="orion3_Navigation.AdmissionsTab"/>
  <testcase name="verifyReassignLeadsDelegationPage" time="4.985" classname="orion3_Navigation.AdmissionsTab"/>
</testsuite> <!-- orion3_Navigation.AdmissionsTab -->
