<?xml version="1.0" encoding="UTF-8"?>
<!-- Generated by org.testng.reporters.JUnitReportReporter -->
<testsuite hostname="G-0439" name="orion3_Navigation.FinancialAid" tests="1" failures="0" timestamp="24 Mar 2015 09:00:07 GMT" time="7.983" errors="0">
  <testcase name="verifyFASearch" time="7.983" classname="orion3_Navigation.FinancialAid"/>
</testsuite> <!-- orion3_Navigation.FinancialAid -->
