<?xml version="1.0" encoding="UTF-8"?>
<!-- Generated by org.testng.reporters.JUnitReportReporter -->
<testsuite hostname="G-0439" name="orion3_LeadCreation.Lead_Referral" tests="4" failures="0" timestamp="22 Apr 2015 07:07:59 GMT" time="141.407" errors="0">
  <testcase name="Leads_Details" time="2.304" classname="orion3_LeadCreation.Lead_Referral"/>
  <testcase name="SubmitLead" time="11.420" classname="orion3_LeadCreation.Lead_Referral"/>
  <testcase name="VerifyLeadInAdmisssionManager" time="119.142" classname="orion3_LeadCreation.Lead_Referral"/>
  <testcase name="BrowseToAddNewLeadPage" time="8.541" classname="orion3_LeadCreation.Lead_Referral"/>
</testsuite> <!-- orion3_LeadCreation.Lead_Referral -->
