<?xml version="1.0" encoding="UTF-8"?>
<!-- Generated by org.testng.reporters.JUnitReportReporter -->
<testsuite hostname="G-0439" name="orion3_Navigation.HomePage" tests="11" failures="0" timestamp="24 Mar 2015 09:00:07 GMT" time="11.126" errors="0">
  <testcase name="VerifyTicketsTabPresent" time="0.039" classname="orion3_Navigation.HomePage"/>
  <testcase name="VerifyFinancialAidTabPresent" time="0.078" classname="orion3_Navigation.HomePage"/>
  <testcase name="VerifySystemAdminTabPresent" time="0.113" classname="orion3_Navigation.HomePage"/>
  <testcase name="VerifyHomeTabPresent" time="0.038" classname="orion3_Navigation.HomePage"/>
  <testcase name="VerifyTicketAdminTabPresent" time="0.101" classname="orion3_Navigation.HomePage"/>
  <testcase name="VerifyAcademicsTabPresent" time="0.129" classname="orion3_Navigation.HomePage"/>
  <testcase name="VerifyOpsAdminTabPresent" time="0.078" classname="orion3_Navigation.HomePage"/>
  <testcase name="VerifyAddaLeadRefferalLinkPresent" time="0.161" classname="orion3_Navigation.HomePage"/>
  <testcase name="VerifyAddaLeadReferralPage" time="10.254" classname="orion3_Navigation.HomePage"/>
  <testcase name="VerifyAdmissionsTabPresent" time="0.062" classname="orion3_Navigation.HomePage"/>
  <testcase name="VerifyFinanceTabPresent" time="0.073" classname="orion3_Navigation.HomePage"/>
</testsuite> <!-- orion3_Navigation.HomePage -->
