<?xml version="1.0" encoding="UTF-8"?>
<!-- Generated by org.testng.reporters.JUnitReportReporter -->
<testsuite hostname="G-0439" name="orion3_Navigation.HomePage" tests="11" failures="0" timestamp="30 Mar 2015 08:46:46 GMT" time="5.895" errors="0">
  <testcase name="VerifyOpsAdminTabPresent" time="0.089" classname="orion3_Navigation.HomePage"/>
  <testcase name="VerifyFinancialAidTabPresent" time="0.087" classname="orion3_Navigation.HomePage"/>
  <testcase name="VerifyAdmissionsTabPresent" time="0.068" classname="orion3_Navigation.HomePage"/>
  <testcase name="VerifyHomeTabPresent" time="0.065" classname="orion3_Navigation.HomePage"/>
  <testcase name="VerifySystemAdminTabPresent" time="0.123" classname="orion3_Navigation.HomePage"/>
  <testcase name="VerifyAcademicsTabPresent" time="0.140" classname="orion3_Navigation.HomePage"/>
  <testcase name="VerifyTicketsTabPresent" time="0.066" classname="orion3_Navigation.HomePage"/>
  <testcase name="VerifyFinanceTabPresent" time="0.097" classname="orion3_Navigation.HomePage"/>
  <testcase name="VerifyAddaLeadReferralPage" time="4.871" classname="orion3_Navigation.HomePage"/>
  <testcase name="VerifyAddaLeadRefferalLinkPresent" time="0.163" classname="orion3_Navigation.HomePage"/>
  <testcase name="VerifyTicketAdminTabPresent" time="0.126" classname="orion3_Navigation.HomePage"/>
</testsuite> <!-- orion3_Navigation.HomePage -->
