<?xml version="1.0" encoding="UTF-8"?>
<!-- Generated by org.testng.reporters.JUnitReportReporter -->
<testsuite hostname="G-0439" name="orion3_Navigation.OpsAdminTab" tests="6" failures="0" timestamp="20 Apr 2015 01:00:21 GMT" time="30.006" errors="0">
  <testcase name="verifyALCCampaignManagerUploadLeads" time="5.485" classname="orion3_Navigation.OpsAdminTab"/>
  <testcase name="verifyIQM_LeadTransfer" time="4.152" classname="orion3_Navigation.OpsAdminTab"/>
  <testcase name="verifyIQM_CancelLeadTransfer" time="5.276" classname="orion3_Navigation.OpsAdminTab"/>
  <testcase name="verifyEmailTemplateMgrAdmissions" time="6.236" classname="orion3_Navigation.OpsAdminTab"/>
  <testcase name="verifyARA_ManageTiers" time="5.504" classname="orion3_Navigation.OpsAdminTab"/>
  <testcase name="verifyEmailTemplateMgrPostEnroll" time="3.353" classname="orion3_Navigation.OpsAdminTab"/>
</testsuite> <!-- orion3_Navigation.OpsAdminTab -->
