<?xml version="1.0" encoding="UTF-8"?>
<!-- Generated by org.testng.reporters.JUnitReportReporter -->
<testsuite hostname="G-0439" name="orion3_SearchLeads.Search_Leads" tests="2" failures="0" timestamp="20 Apr 2015 01:00:20 GMT" time="47.142" errors="0">
  <testcase name="SearchLeadsInformationDetails" time="17.198" classname="orion3_SearchLeads.Search_Leads"/>
  <testcase name="ClickOnFirstLeads" time="29.944" classname="orion3_SearchLeads.Search_Leads"/>
</testsuite> <!-- orion3_SearchLeads.Search_Leads -->
