<?xml version="1.0" encoding="UTF-8"?>
<!-- Generated by org.testng.reporters.JUnitReportReporter -->
<testsuite hostname="G-0439" name="orion3_Navigation.FinancialAid" tests="1" failures="0" timestamp="18 Jun 2015 09:08:45 GMT" time="23.913" errors="0">
  <testcase name="verifyFASearch" time="23.913" classname="orion3_Navigation.FinancialAid"/>
</testsuite> <!-- orion3_Navigation.FinancialAid -->
