<?xml version="1.0" encoding="UTF-8"?>
<!-- Generated by org.testng.reporters.JUnitReportReporter -->
<testsuite hostname="G-0439" name="orion3_Navigation.HomePage" tests="11" failures="0" timestamp="9 Apr 2015 11:52:27 GMT" time="6.328" errors="0">
  <testcase name="VerifyOpsAdminTabPresent" time="0.181" classname="orion3_Navigation.HomePage"/>
  <testcase name="VerifyFinancialAidTabPresent" time="0.081" classname="orion3_Navigation.HomePage"/>
  <testcase name="VerifyAdmissionsTabPresent" time="0.066" classname="orion3_Navigation.HomePage"/>
  <testcase name="VerifyHomeTabPresent" time="0.038" classname="orion3_Navigation.HomePage"/>
  <testcase name="VerifySystemAdminTabPresent" time="0.125" classname="orion3_Navigation.HomePage"/>
  <testcase name="VerifyAcademicsTabPresent" time="0.435" classname="orion3_Navigation.HomePage"/>
  <testcase name="VerifyTicketsTabPresent" time="0.041" classname="orion3_Navigation.HomePage"/>
  <testcase name="VerifyFinanceTabPresent" time="0.077" classname="orion3_Navigation.HomePage"/>
  <testcase name="VerifyAddaLeadReferralPage" time="4.992" classname="orion3_Navigation.HomePage"/>
  <testcase name="VerifyAddaLeadRefferalLinkPresent" time="0.170" classname="orion3_Navigation.HomePage"/>
  <testcase name="VerifyTicketAdminTabPresent" time="0.122" classname="orion3_Navigation.HomePage"/>
</testsuite> <!-- orion3_Navigation.HomePage -->
