<?xml version="1.0" encoding="UTF-8"?>
<!-- Generated by org.testng.reporters.JUnitReportReporter -->
<testsuite hostname="G-0439" name="orion3_SearchLeads.Search_Leads" tests="2" failures="0" timestamp="18 Jun 2015 09:08:45 GMT" time="30.442" errors="0">
  <testcase name="SearchLeadsInformationDetails" time="9.866" classname="orion3_SearchLeads.Search_Leads"/>
  <testcase name="ClickOnFirstLeads" time="20.576" classname="orion3_SearchLeads.Search_Leads"/>
</testsuite> <!-- orion3_SearchLeads.Search_Leads -->
