<?xml version="1.0" encoding="UTF-8"?>
<!-- Generated by org.testng.reporters.JUnitReportReporter -->
<testsuite hostname="G-0439" name="orion3_LeadCreation.Lead_WarmTransfer" tests="6" failures="0" timestamp="22 Apr 2015 07:07:59 GMT" time="146.965" errors="0">
  <testcase name="SubmitLead" time="11.660" classname="orion3_LeadCreation.Lead_WarmTransfer"/>
  <testcase name="BrowseToAddNewLeadPage" time="10.126" classname="orion3_LeadCreation.Lead_WarmTransfer"/>
  <testcase name="Leads_ClassificationDetails" time="3.940" classname="orion3_LeadCreation.Lead_WarmTransfer"/>
  <testcase name="VerifyLeadInAdmisssionManager" time="117.438" classname="orion3_LeadCreation.Lead_WarmTransfer"/>
  <testcase name="Leads_Details" time="1.859" classname="orion3_LeadCreation.Lead_WarmTransfer"/>
  <testcase name="Leads_ProgramOfInterest" time="1.942" classname="orion3_LeadCreation.Lead_WarmTransfer"/>
</testsuite> <!-- orion3_LeadCreation.Lead_WarmTransfer -->
