<?xml version="1.0" encoding="UTF-8"?>
<!-- Generated by org.testng.reporters.JUnitReportReporter -->
<testsuite hostname="G-0439" name="orion3_LeadCreation.Lead_LiveChat" tests="6" failures="0" timestamp="30 Mar 2015 08:46:46 GMT" time="134.552" errors="0">
  <testcase name="Leads_ClassificationDetails" time="2.479" classname="orion3_LeadCreation.Lead_LiveChat"/>
  <testcase name="VerifyLeadInAdmisssionManager" time="115.462" classname="orion3_LeadCreation.Lead_LiveChat"/>
  <testcase name="Leads_ProgramOfInterest" time="1.801" classname="orion3_LeadCreation.Lead_LiveChat"/>
  <testcase name="SubmitLead" time="2.858" classname="orion3_LeadCreation.Lead_LiveChat"/>
  <testcase name="Leads_Details" time="2.496" classname="orion3_LeadCreation.Lead_LiveChat"/>
  <testcase name="BrowseToAddNewLeadPage" time="9.456" classname="orion3_LeadCreation.Lead_LiveChat"/>
</testsuite> <!-- orion3_LeadCreation.Lead_LiveChat -->
