<?xml version="1.0" encoding="UTF-8"?>
<!-- Generated by org.testng.reporters.JUnitReportReporter -->
<testsuite hostname="G-0439" name="orion3_LeadCreation.Lead_LiveChat" tests="6" failures="0" timestamp="22 Apr 2015 07:07:59 GMT" time="131.373" errors="0">
  <testcase name="Leads_ProgramOfInterest" time="1.998" classname="orion3_LeadCreation.Lead_LiveChat"/>
  <testcase name="Leads_ClassificationDetails" time="4.240" classname="orion3_LeadCreation.Lead_LiveChat"/>
  <testcase name="BrowseToAddNewLeadPage" time="7.588" classname="orion3_LeadCreation.Lead_LiveChat"/>
  <testcase name="SubmitLead" time="3.556" classname="orion3_LeadCreation.Lead_LiveChat"/>
  <testcase name="Leads_Details" time="2.968" classname="orion3_LeadCreation.Lead_LiveChat"/>
  <testcase name="VerifyLeadInAdmisssionManager" time="111.023" classname="orion3_LeadCreation.Lead_LiveChat"/>
</testsuite> <!-- orion3_LeadCreation.Lead_LiveChat -->
