<?xml version="1.0" encoding="UTF-8"?>
<!-- Generated by org.testng.reporters.JUnitReportReporter -->
<testsuite hostname="G-0439" name="orion3_LeadCreation.Lead_WarmTransfer" tests="6" failures="0" timestamp="9 Apr 2015 11:52:27 GMT" time="147.811" errors="0">
  <testcase name="Leads_Details" time="3.042" classname="orion3_LeadCreation.Lead_WarmTransfer"/>
  <testcase name="SubmitLead" time="1.714" classname="orion3_LeadCreation.Lead_WarmTransfer"/>
  <testcase name="VerifyLeadInAdmisssionManager" time="124.518" classname="orion3_LeadCreation.Lead_WarmTransfer"/>
  <testcase name="Leads_ClassificationDetails" time="5.176" classname="orion3_LeadCreation.Lead_WarmTransfer"/>
  <testcase name="BrowseToAddNewLeadPage" time="10.031" classname="orion3_LeadCreation.Lead_WarmTransfer"/>
  <testcase name="Leads_ProgramOfInterest" time="3.330" classname="orion3_LeadCreation.Lead_WarmTransfer"/>
</testsuite> <!-- orion3_LeadCreation.Lead_WarmTransfer -->
