<?xml version="1.0" encoding="UTF-8"?>
<!-- Generated by org.testng.reporters.JUnitReportReporter -->
<testsuite hostname="G-0439" name="orion3_Navigation.AddALeadReferralPage" tests="12" failures="0" timestamp="9 Apr 2015 11:52:27 GMT" time="0.932" errors="0">
  <testcase name="verifyCityLabelAndField" time="0.143" classname="orion3_Navigation.AddALeadReferralPage"/>
  <testcase name="verifyAddaLeadReferralText" time="0.065" classname="orion3_Navigation.AddALeadReferralPage"/>
  <testcase name="verifyStudentReferrringIDLabelAndField" time="0.069" classname="orion3_Navigation.AddALeadReferralPage"/>
  <testcase name="verifyRequiredInformationText" time="0.034" classname="orion3_Navigation.AddALeadReferralPage"/>
  <testcase name="verifyTCPALabelAndField" time="0.070" classname="orion3_Navigation.AddALeadReferralPage"/>
  <testcase name="verifyStateLabelAndField" time="0.075" classname="orion3_Navigation.AddALeadReferralPage"/>
  <testcase name="verifyEveningtimePhoneLabelAndField" time="0.072" classname="orion3_Navigation.AddALeadReferralPage"/>
  <testcase name="verifyLastNameLabelAndField" time="0.041" classname="orion3_Navigation.AddALeadReferralPage"/>
  <testcase name="verifyOtherPhoneLabelAndField" time="0.129" classname="orion3_Navigation.AddALeadReferralPage"/>
  <testcase name="verifyFirstNameLabelAndField" time="0.079" classname="orion3_Navigation.AddALeadReferralPage"/>
  <testcase name="verifyEmailAddressLabelAndField" time="0.077" classname="orion3_Navigation.AddALeadReferralPage"/>
  <testcase name="verifyDaytimePhoneLabelAndField" time="0.078" classname="orion3_Navigation.AddALeadReferralPage"/>
</testsuite> <!-- orion3_Navigation.AddALeadReferralPage -->
