<?xml version="1.0" encoding="UTF-8"?>
<!-- Generated by org.testng.reporters.JUnitReportReporter -->
<testsuite hostname="G-0439" name="orion3_LeadCreation.Lead_Referral" tests="4" failures="0" timestamp="30 Mar 2015 08:46:46 GMT" time="127.906" errors="0">
  <testcase name="Leads_Details" time="1.919" classname="orion3_LeadCreation.Lead_Referral"/>
  <testcase name="BrowseToAddNewLeadPage" time="8.245" classname="orion3_LeadCreation.Lead_Referral"/>
  <testcase name="SubmitLead" time="1.737" classname="orion3_LeadCreation.Lead_Referral"/>
  <testcase name="VerifyLeadInAdmisssionManager" time="116.005" classname="orion3_LeadCreation.Lead_Referral"/>
</testsuite> <!-- orion3_LeadCreation.Lead_Referral -->
