<?xml version="1.0" encoding="UTF-8"?>
<!-- Generated by org.testng.reporters.JUnitReportReporter -->
<testsuite hostname="G-0439" name="orion3_LeadCreation.Lead_InfoCall" tests="6" failures="0" timestamp="22 Apr 2015 07:07:59 GMT" time="151.226" errors="0">
  <testcase name="Leads_ClassificationDetails" time="4.452" classname="orion3_LeadCreation.Lead_InfoCall"/>
  <testcase name="BrowseToAddNewLeadPage" time="9.690" classname="orion3_LeadCreation.Lead_InfoCall"/>
  <testcase name="VerifyLeadInAdmisssionManager" time="113.525" classname="orion3_LeadCreation.Lead_InfoCall"/>
  <testcase name="Leads_ProgramOfInterest" time="2.023" classname="orion3_LeadCreation.Lead_InfoCall"/>
  <testcase name="Leads_Details" time="2.540" classname="orion3_LeadCreation.Lead_InfoCall"/>
  <testcase name="SubmitLead" time="18.996" classname="orion3_LeadCreation.Lead_InfoCall"/>
</testsuite> <!-- orion3_LeadCreation.Lead_InfoCall -->
