<?xml version="1.0" encoding="UTF-8"?>
<!-- Generated by org.testng.reporters.JUnitReportReporter -->
<testsuite hostname="G-0439" name="orion3_Navigation.AdmissionsTab" tests="8" failures="0" timestamp="9 Apr 2015 11:52:27 GMT" time="39.854" errors="0">
  <testcase name="verifyAdmissionsManagerPage" time="8.203" classname="orion3_Navigation.AdmissionsTab"/>
  <testcase name="verifyOpsUpdateArchivePage" time="3.740" classname="orion3_Navigation.AdmissionsTab"/>
  <testcase name="verifySearchLeadAllNewPage" time="4.692" classname="orion3_Navigation.AdmissionsTab"/>
  <testcase name="verifyEnrollmentExceptionsPage" time="6.957" classname="orion3_Navigation.AdmissionsTab"/>
  <testcase name="verifyReassignLeadsPage" time="3.720" classname="orion3_Navigation.AdmissionsTab"/>
  <testcase name="verifySearchRepPage" time="3.291" classname="orion3_Navigation.AdmissionsTab"/>
  <testcase name="verifySearchLeadPage" time="4.307" classname="orion3_Navigation.AdmissionsTab"/>
  <testcase name="verifyReassignLeadsDelegationPage" time="4.944" classname="orion3_Navigation.AdmissionsTab"/>
</testsuite> <!-- orion3_Navigation.AdmissionsTab -->
