<?xml version="1.0" encoding="UTF-8"?>
<!-- Generated by org.testng.reporters.JUnitReportReporter -->
<testsuite hostname="G-0439" name="orion3_LeadCreation.Lead_LiveChat" tests="6" failures="0" timestamp="9 Apr 2015 11:52:27 GMT" time="141.741" errors="0">
  <testcase name="Leads_ClassificationDetails" time="3.459" classname="orion3_LeadCreation.Lead_LiveChat"/>
  <testcase name="VerifyLeadInAdmisssionManager" time="122.735" classname="orion3_LeadCreation.Lead_LiveChat"/>
  <testcase name="Leads_ProgramOfInterest" time="1.894" classname="orion3_LeadCreation.Lead_LiveChat"/>
  <testcase name="SubmitLead" time="1.624" classname="orion3_LeadCreation.Lead_LiveChat"/>
  <testcase name="Leads_Details" time="2.093" classname="orion3_LeadCreation.Lead_LiveChat"/>
  <testcase name="BrowseToAddNewLeadPage" time="9.936" classname="orion3_LeadCreation.Lead_LiveChat"/>
</testsuite> <!-- orion3_LeadCreation.Lead_LiveChat -->
