<?xml version="1.0" encoding="UTF-8"?>
<!-- Generated by org.testng.reporters.JUnitReportReporter -->
<testsuite hostname="G-0439" name="orion3_SearchLeads.Search_Leads" tests="2" failures="0" timestamp="9 Apr 2015 11:52:27 GMT" time="38.261" errors="0">
  <testcase name="SearchLeadsInformationDetails" time="13.381" classname="orion3_SearchLeads.Search_Leads"/>
  <testcase name="ClickOnFirstLeads" time="24.880" classname="orion3_SearchLeads.Search_Leads"/>
</testsuite> <!-- orion3_SearchLeads.Search_Leads -->
