<?xml version="1.0" encoding="UTF-8"?>
<!-- Generated by org.testng.reporters.JUnitReportReporter -->
<testsuite hostname="G-0439" name="orion3_LeadCreation.Lead_InfoCall" tests="6" failures="0" timestamp="24 Mar 2015 09:00:07 GMT" time="202.497" errors="0">
  <testcase name="Leads_ProgramOfInterest" time="3.503" classname="orion3_LeadCreation.Lead_InfoCall"/>
  <testcase name="VerifyLeadInAdmisssionManager" time="137.046" classname="orion3_LeadCreation.Lead_InfoCall"/>
  <testcase name="SubmitLead" time="36.705" classname="orion3_LeadCreation.Lead_InfoCall"/>
  <testcase name="Leads_ClassificationDetails" time="2.215" classname="orion3_LeadCreation.Lead_InfoCall"/>
  <testcase name="Leads_Details" time="3.901" classname="orion3_LeadCreation.Lead_InfoCall"/>
  <testcase name="BrowseToAddNewLeadPage" time="19.127" classname="orion3_LeadCreation.Lead_InfoCall"/>
</testsuite> <!-- orion3_LeadCreation.Lead_InfoCall -->
