<?xml version="1.0" encoding="UTF-8"?>
<!-- Generated by org.testng.reporters.JUnitReportReporter -->
<testsuite hostname="G-0439" name="orion3_Navigation.AddALeadReferralPage" tests="12" failures="0" timestamp="30 Mar 2015 08:46:46 GMT" time="1.029" errors="0">
  <testcase name="verifyCityLabelAndField" time="0.130" classname="orion3_Navigation.AddALeadReferralPage"/>
  <testcase name="verifyAddaLeadReferralText" time="0.125" classname="orion3_Navigation.AddALeadReferralPage"/>
  <testcase name="verifyStudentReferrringIDLabelAndField" time="0.087" classname="orion3_Navigation.AddALeadReferralPage"/>
  <testcase name="verifyRequiredInformationText" time="0.041" classname="orion3_Navigation.AddALeadReferralPage"/>
  <testcase name="verifyTCPALabelAndField" time="0.102" classname="orion3_Navigation.AddALeadReferralPage"/>
  <testcase name="verifyStateLabelAndField" time="0.094" classname="orion3_Navigation.AddALeadReferralPage"/>
  <testcase name="verifyEveningtimePhoneLabelAndField" time="0.079" classname="orion3_Navigation.AddALeadReferralPage"/>
  <testcase name="verifyLastNameLabelAndField" time="0.043" classname="orion3_Navigation.AddALeadReferralPage"/>
  <testcase name="verifyOtherPhoneLabelAndField" time="0.081" classname="orion3_Navigation.AddALeadReferralPage"/>
  <testcase name="verifyFirstNameLabelAndField" time="0.080" classname="orion3_Navigation.AddALeadReferralPage"/>
  <testcase name="verifyEmailAddressLabelAndField" time="0.082" classname="orion3_Navigation.AddALeadReferralPage"/>
  <testcase name="verifyDaytimePhoneLabelAndField" time="0.085" classname="orion3_Navigation.AddALeadReferralPage"/>
</testsuite> <!-- orion3_Navigation.AddALeadReferralPage -->
