<?xml version="1.0" encoding="UTF-8"?>
<!-- Generated by org.testng.reporters.JUnitReportReporter -->
<testsuite hostname="G-0439" name="orion3_Navigation.AddALeadReferralPage" tests="12" failures="0" timestamp="20 Apr 2015 01:00:20 GMT" time="0.926" errors="0">
  <testcase name="verifyFirstNameLabelAndField" time="0.078" classname="orion3_Navigation.AddALeadReferralPage"/>
  <testcase name="verifyOtherPhoneLabelAndField" time="0.076" classname="orion3_Navigation.AddALeadReferralPage"/>
  <testcase name="verifyTCPALabelAndField" time="0.074" classname="orion3_Navigation.AddALeadReferralPage"/>
  <testcase name="verifyLastNameLabelAndField" time="0.040" classname="orion3_Navigation.AddALeadReferralPage"/>
  <testcase name="verifyDaytimePhoneLabelAndField" time="0.083" classname="orion3_Navigation.AddALeadReferralPage"/>
  <testcase name="verifyStateLabelAndField" time="0.077" classname="orion3_Navigation.AddALeadReferralPage"/>
  <testcase name="verifyCityLabelAndField" time="0.085" classname="orion3_Navigation.AddALeadReferralPage"/>
  <testcase name="verifyEmailAddressLabelAndField" time="0.081" classname="orion3_Navigation.AddALeadReferralPage"/>
  <testcase name="verifyStudentReferrringIDLabelAndField" time="0.077" classname="orion3_Navigation.AddALeadReferralPage"/>
  <testcase name="verifyAddaLeadReferralText" time="0.124" classname="orion3_Navigation.AddALeadReferralPage"/>
  <testcase name="verifyEveningtimePhoneLabelAndField" time="0.082" classname="orion3_Navigation.AddALeadReferralPage"/>
  <testcase name="verifyRequiredInformationText" time="0.049" classname="orion3_Navigation.AddALeadReferralPage"/>
</testsuite> <!-- orion3_Navigation.AddALeadReferralPage -->
