<?xml version="1.0" encoding="UTF-8"?>
<!-- Generated by org.testng.reporters.JUnitReportReporter -->
<testsuite hostname="G-0439" name="orion3_Navigation.AcademicsTab" tests="2" failures="0" timestamp="24 Mar 2015 09:00:07 GMT" time="37.600" errors="0">
  <testcase name="verifyRepManagerPage" time="12.549" classname="orion3_Navigation.AcademicsTab"/>
  <testcase name="verifyAutoAssignHistoryPage" time="25.051" classname="orion3_Navigation.AcademicsTab"/>
</testsuite> <!-- orion3_Navigation.AcademicsTab -->
