<?xml version="1.0" encoding="UTF-8"?>
<!-- Generated by org.testng.reporters.JUnitReportReporter -->
<testsuite hostname="G-0439" name="orion3_Navigation.TicketAdminTab" tests="5" failures="0" timestamp="9 Apr 2015 11:52:27 GMT" time="27.908" errors="0">
  <testcase name="verifyActionCategoryManager" time="16.209" classname="orion3_Navigation.TicketAdminTab"/>
  <testcase name="verifyTicketTypeManager" time="2.310" classname="orion3_Navigation.TicketAdminTab"/>
  <testcase name="verifyActionResultManager" time="4.681" classname="orion3_Navigation.TicketAdminTab"/>
  <testcase name="verifyEmailTemplateMgrAdmissions" time="2.468" classname="orion3_Navigation.TicketAdminTab"/>
  <testcase name="verifyTicketQueueManager" time="2.240" classname="orion3_Navigation.TicketAdminTab"/>
</testsuite> <!-- orion3_Navigation.TicketAdminTab -->
