<?xml version="1.0" encoding="UTF-8"?>
<!-- Generated by org.testng.reporters.JUnitReportReporter -->
<testsuite hostname="G-0439" name="orion3_Navigation.TicketAdminTab" tests="5" failures="0" timestamp="24 Mar 2015 09:00:07 GMT" time="62.938" errors="0">
  <testcase name="verifyActionResultManager" time="9.333" classname="orion3_Navigation.TicketAdminTab"/>
  <testcase name="verifyTicketQueueManager" time="5.053" classname="orion3_Navigation.TicketAdminTab"/>
  <testcase name="verifyEmailTemplateMgrAdmissions" time="4.652" classname="orion3_Navigation.TicketAdminTab"/>
  <testcase name="verifyActionCategoryManager" time="39.223" classname="orion3_Navigation.TicketAdminTab"/>
  <testcase name="verifyTicketTypeManager" time="4.677" classname="orion3_Navigation.TicketAdminTab"/>
</testsuite> <!-- orion3_Navigation.TicketAdminTab -->
