<?xml version="1.0" encoding="UTF-8"?>
<!-- Generated by org.testng.reporters.JUnitReportReporter -->
<testsuite hostname="G-0439" name="orion3_Navigation.FinancialAid" tests="1" failures="0" timestamp="20 Apr 2015 01:00:20 GMT" time="6.159" errors="0">
  <testcase name="verifyFASearch" time="6.159" classname="orion3_Navigation.FinancialAid"/>
</testsuite> <!-- orion3_Navigation.FinancialAid -->
