<?xml version="1.0" encoding="UTF-8"?>
<!-- Generated by org.testng.reporters.JUnitReportReporter -->
<testsuite hostname="G-0439" name="orion3_Navigation.AcademicsTab" tests="2" failures="0" timestamp="9 Apr 2015 11:52:27 GMT" time="17.543" errors="0">
  <testcase name="verifyAutoAssignHistoryPage" time="12.681" classname="orion3_Navigation.AcademicsTab"/>
  <testcase name="verifyRepManagerPage" time="4.862" classname="orion3_Navigation.AcademicsTab"/>
</testsuite> <!-- orion3_Navigation.AcademicsTab -->
