<?xml version="1.0" encoding="UTF-8"?>
<!-- Generated by org.testng.reporters.JUnitReportReporter -->
<testsuite hostname="G-0439" name="orion3_SearchLeads.Search_Leads" tests="2" failures="0" timestamp="30 Mar 2015 08:46:46 GMT" time="31.758" errors="0">
  <testcase name="SearchLeadsInformationDetails" time="7.331" classname="orion3_SearchLeads.Search_Leads"/>
  <testcase name="ClickOnFirstLeads" time="24.427" classname="orion3_SearchLeads.Search_Leads"/>
</testsuite> <!-- orion3_SearchLeads.Search_Leads -->
