<?xml version="1.0" encoding="UTF-8"?>
<!-- Generated by org.testng.reporters.JUnitReportReporter -->
<testsuite hostname="G-0439" name="orion3_SearchLeads.ReassignLeads" tests="2" failures="0" timestamp="14 Apr 2015 06:43:47 GMT" time="57.978" errors="0">
  <testcase name="ResassignLead" time="30.996" classname="orion3_SearchLeads.ReassignLeads"/>
  <testcase name="ClickOnFirstLeads" time="26.982" classname="orion3_SearchLeads.ReassignLeads"/>
</testsuite> <!-- orion3_SearchLeads.ReassignLeads -->
