<?xml version="1.0" encoding="UTF-8"?>
<!-- Generated by org.testng.reporters.JUnitReportReporter -->
<testsuite hostname="G-0439" name="orion3_Navigation.AcademicsTab" tests="2" failures="0" timestamp="20 Apr 2015 01:00:20 GMT" time="14.955" errors="0">
  <testcase name="verifyAutoAssignHistoryPage" time="6.194" classname="orion3_Navigation.AcademicsTab"/>
  <testcase name="verifyRepManagerPage" time="8.761" classname="orion3_Navigation.AcademicsTab"/>
</testsuite> <!-- orion3_Navigation.AcademicsTab -->
