<?xml version="1.0" encoding="UTF-8"?>
<!-- Generated by org.testng.reporters.JUnitReportReporter -->
<testsuite hostname="G-0439" name="orion3_Navigation.TicketAdminTab" tests="5" failures="0" timestamp="20 Apr 2015 01:00:20 GMT" time="55.730" errors="0">
  <testcase name="verifyActionResultManager" time="3.497" classname="orion3_Navigation.TicketAdminTab"/>
  <testcase name="verifyTicketQueueManager" time="3.760" classname="orion3_Navigation.TicketAdminTab"/>
  <testcase name="verifyTicketTypeManager" time="6.409" classname="orion3_Navigation.TicketAdminTab"/>
  <testcase name="verifyEmailTemplateMgrAdmissions" time="4.607" classname="orion3_Navigation.TicketAdminTab"/>
  <testcase name="verifyActionCategoryManager" time="37.457" classname="orion3_Navigation.TicketAdminTab"/>
</testsuite> <!-- orion3_Navigation.TicketAdminTab -->
