<?xml version="1.0" encoding="UTF-8"?>
<!-- Generated by org.testng.reporters.JUnitReportReporter -->
<testsuite hostname="G-0439" name="orion3_Navigation.FinancialAid" tests="1" failures="0" timestamp="30 Mar 2015 08:46:46 GMT" time="2.953" errors="0">
  <testcase name="verifyFASearch" time="2.953" classname="orion3_Navigation.FinancialAid"/>
</testsuite> <!-- orion3_Navigation.FinancialAid -->
