<?xml version="1.0" encoding="UTF-8"?>
<!-- Generated by org.testng.reporters.JUnitReportReporter -->
<testsuite hostname="G-0439" name="orion3_Navigation.HomePage" tests="11" failures="0" timestamp="20 Apr 2015 01:00:20 GMT" time="4.810" errors="0">
  <testcase name="VerifyAddaLeadReferralPage" time="3.862" classname="orion3_Navigation.HomePage"/>
  <testcase name="VerifyAcademicsTabPresent" time="0.145" classname="orion3_Navigation.HomePage"/>
  <testcase name="VerifySystemAdminTabPresent" time="0.118" classname="orion3_Navigation.HomePage"/>
  <testcase name="VerifyHomeTabPresent" time="0.043" classname="orion3_Navigation.HomePage"/>
  <testcase name="VerifyTicketAdminTabPresent" time="0.113" classname="orion3_Navigation.HomePage"/>
  <testcase name="VerifyFinanceTabPresent" time="0.076" classname="orion3_Navigation.HomePage"/>
  <testcase name="VerifyFinancialAidTabPresent" time="0.090" classname="orion3_Navigation.HomePage"/>
  <testcase name="VerifyOpsAdminTabPresent" time="0.086" classname="orion3_Navigation.HomePage"/>
  <testcase name="VerifyAddaLeadRefferalLinkPresent" time="0.162" classname="orion3_Navigation.HomePage"/>
  <testcase name="VerifyAdmissionsTabPresent" time="0.068" classname="orion3_Navigation.HomePage"/>
  <testcase name="VerifyTicketsTabPresent" time="0.047" classname="orion3_Navigation.HomePage"/>
</testsuite> <!-- orion3_Navigation.HomePage -->
