<?xml version="1.0" encoding="UTF-8"?>
<!-- Generated by org.testng.reporters.JUnitReportReporter -->
<testsuite hostname="G-0439" name="orion3_Navigation.FinancialAid" tests="1" failures="0" timestamp="9 Apr 2015 11:52:27 GMT" time="3.053" errors="0">
  <testcase name="verifyFASearch" time="3.053" classname="orion3_Navigation.FinancialAid"/>
</testsuite> <!-- orion3_Navigation.FinancialAid -->
