<?xml version="1.0" encoding="UTF-8"?>
<!-- Generated by org.testng.reporters.JUnitReportReporter -->
<testsuite hostname="G-0439" name="orion3_SearchLeads.Search_Leads" tests="2" failures="0" timestamp="24 Mar 2015 09:26:40 GMT" time="84.447" errors="0">
  <testcase name="SearchLeadsInformationDetails" time="18.391" classname="orion3_SearchLeads.Search_Leads"/>
  <testcase name="ClickOnFirstLeads" time="66.056" classname="orion3_SearchLeads.Search_Leads"/>
</testsuite> <!-- orion3_SearchLeads.Search_Leads -->
