<?xml version="1.0" encoding="UTF-8"?>
<!-- Generated by org.testng.reporters.JUnitReportReporter -->
<testsuite hostname="G-0439" name="orion3_LeadCreation.StudentManager" tests="7" failures="0" timestamp="30 Mar 2015 08:46:46 GMT" time="1161.420" errors="0">
  <testcase name="ContactInformationTabDetails" time="1122.005" classname="orion3_LeadCreation.StudentManager"/>
  <testcase name="Leads_ProgramOfInterest" time="1.852" classname="orion3_LeadCreation.StudentManager"/>
  <testcase name="Leads_ClassificationDetails" time="1.606" classname="orion3_LeadCreation.StudentManager"/>
  <testcase name="Leads_Details" time="1.939" classname="orion3_LeadCreation.StudentManager"/>
  <testcase name="BrowseToAddNewLeadPage" time="8.429" classname="orion3_LeadCreation.StudentManager"/>
  <testcase name="VerifyLeadInAdmisssionManager" time="23.839" classname="orion3_LeadCreation.StudentManager"/>
  <testcase name="SubmitLead" time="1.750" classname="orion3_LeadCreation.StudentManager"/>
</testsuite> <!-- orion3_LeadCreation.StudentManager -->
