<?xml version="1.0" encoding="UTF-8"?>
<!-- Generated by org.testng.reporters.JUnitReportReporter -->
<testsuite hostname="G-0439" name="orion3_Navigation.AcademicsTab" tests="2" failures="0" timestamp="30 Mar 2015 08:46:46 GMT" time="17.491" errors="0">
  <testcase name="verifyAutoAssignHistoryPage" time="12.616" classname="orion3_Navigation.AcademicsTab"/>
  <testcase name="verifyRepManagerPage" time="4.875" classname="orion3_Navigation.AcademicsTab"/>
</testsuite> <!-- orion3_Navigation.AcademicsTab -->
