<?xml version="1.0" encoding="UTF-8"?>
<!-- Generated by org.testng.reporters.JUnitReportReporter -->
<testsuite hostname="G-0439" name="orion3_LeadCreation.Lead_InfoCall" tests="6" failures="0" timestamp="9 Apr 2015 11:52:27 GMT" time="137.511" errors="0">
  <testcase name="SubmitLead" time="2.589" classname="orion3_LeadCreation.Lead_InfoCall"/>
  <testcase name="VerifyLeadInAdmisssionManager" time="117.623" classname="orion3_LeadCreation.Lead_InfoCall"/>
  <testcase name="Leads_ClassificationDetails" time="3.031" classname="orion3_LeadCreation.Lead_InfoCall"/>
  <testcase name="Leads_ProgramOfInterest" time="1.830" classname="orion3_LeadCreation.Lead_InfoCall"/>
  <testcase name="Leads_Details" time="2.014" classname="orion3_LeadCreation.Lead_InfoCall"/>
  <testcase name="BrowseToAddNewLeadPage" time="10.424" classname="orion3_LeadCreation.Lead_InfoCall"/>
</testsuite> <!-- orion3_LeadCreation.Lead_InfoCall -->
