<?xml version="1.0" encoding="UTF-8"?>
<!-- Generated by org.testng.reporters.JUnitReportReporter -->
<testsuite hostname="G-0439" name="orion3_Navigation.OpsAdminTab" tests="6" failures="0" timestamp="9 Apr 2015 11:52:26 GMT" time="16.324" errors="0">
  <testcase name="verifyEmailTemplateMgrPostEnroll" time="3.325" classname="orion3_Navigation.OpsAdminTab"/>
  <testcase name="verifyIQM_CancelLeadTransfer" time="2.126" classname="orion3_Navigation.OpsAdminTab"/>
  <testcase name="verifyARA_ManageTiers" time="2.217" classname="orion3_Navigation.OpsAdminTab"/>
  <testcase name="verifyIQM_LeadTransfer" time="1.823" classname="orion3_Navigation.OpsAdminTab"/>
  <testcase name="verifyALCCampaignManagerUploadLeads" time="1.826" classname="orion3_Navigation.OpsAdminTab"/>
  <testcase name="verifyEmailTemplateMgrAdmissions" time="5.007" classname="orion3_Navigation.OpsAdminTab"/>
</testsuite> <!-- orion3_Navigation.OpsAdminTab -->
