<?xml version="1.0" encoding="UTF-8"?>
<!-- Generated by org.testng.reporters.JUnitReportReporter -->
<testsuite hostname="G-0439" name="orion1_SearchLeads.Search_Leads" tests="2" failures="0" timestamp="10 Apr 2015 07:13:28 GMT" time="175.174" errors="0">
  <testcase name="ClickOnFirstLeads" time="146.714" classname="orion1_SearchLeads.Search_Leads"/>
  <testcase name="SearchLeadsInformationDetails" time="28.460" classname="orion1_SearchLeads.Search_Leads"/>
</testsuite> <!-- orion1_SearchLeads.Search_Leads -->
