<?xml version="1.0" encoding="UTF-8"?>
<!-- Generated by org.testng.reporters.JUnitReportReporter -->
<testsuite hostname="G-0439" name="orion1_NewLeads.Lead_InfoCall" tests="6" failures="0" timestamp="10 Apr 2015 07:13:28 GMT" time="179.232" errors="0">
  <testcase name="Leads_ProgramOfInterest" time="10.110" classname="orion1_NewLeads.Lead_InfoCall"/>
  <testcase name="VerifyLeadInAdmisssionManager" time="105.566" classname="orion1_NewLeads.Lead_InfoCall"/>
  <testcase name="Leads_Details" time="6.947" classname="orion1_NewLeads.Lead_InfoCall"/>
  <testcase name="SubmitLead" time="41.278" classname="orion1_NewLeads.Lead_InfoCall"/>
  <testcase name="BrowseToAddNewLeadPage" time="5.061" classname="orion1_NewLeads.Lead_InfoCall"/>
  <testcase name="Leads_ClassificationDetails" time="10.270" classname="orion1_NewLeads.Lead_InfoCall"/>
</testsuite> <!-- orion1_NewLeads.Lead_InfoCall -->
