<?xml version="1.0" encoding="UTF-8"?>
<!-- Generated by org.testng.reporters.JUnitReportReporter -->
<testsuite hostname="G-0439" name="orion1_NewLeads.Lead_Referral" tests="3" failures="0" timestamp="10 Feb 2016 13:37:57 GMT" time="152.381" errors="0">
  <testcase name="BrowseToAddNewLeadPage" time="18.930" classname="orion1_NewLeads.Lead_Referral"/>
  <testcase name="Leads_Submit" time="19.645" classname="orion1_NewLeads.Lead_Referral"/>
  <testcase name="VerifyLeadInAdmisssionManager" time="113.806" classname="orion1_NewLeads.Lead_Referral"/>
</testsuite> <!-- orion1_NewLeads.Lead_Referral -->
