<?xml version="1.0" encoding="UTF-8"?>
<!-- Generated by org.testng.reporters.JUnitReportReporter -->
<testsuite hostname="G-0439" name="Orion1_Navigation.Academic" tests="13" failures="0" timestamp="28 Apr 2015 14:24:40 GMT" time="11.051" errors="0">
  <testcase name="VerifyTutoringLink" time="0.126" classname="Orion1_Navigation.Academic"/>
  <testcase name="VerifyAssignmentExceptionLink" time="0.102" classname="Orion1_Navigation.Academic"/>
  <testcase name="VerifyRepGroupLink" time="0.080" classname="Orion1_Navigation.Academic"/>
  <testcase name="VerifyAdminPage" time="1.249" classname="Orion1_Navigation.Academic"/>
  <testcase name="VerifyAcademicAdvisingPage" time="4.486" classname="Orion1_Navigation.Academic"/>
  <testcase name="VerifyAssignmentExceptionsPage" time="1.550" classname="Orion1_Navigation.Academic"/>
  <testcase name="VerifyAdminLink" time="0.082" classname="Orion1_Navigation.Academic"/>
  <testcase name="VerifyAdvisorAssignmentLinkPage" time="1.018" classname="Orion1_Navigation.Academic"/>
  <testcase name="VerifyAcademicAdvisingLink" time="0.078" classname="Orion1_Navigation.Academic"/>
  <testcase name="VerifyMLink" time="0.096" classname="Orion1_Navigation.Academic"/>
  <testcase name="VerifyEnrollmentExceptionsLink" time="0.088" classname="Orion1_Navigation.Academic"/>
  <testcase name="VerifyTutoringViewPage" time="2.011" classname="Orion1_Navigation.Academic"/>
  <testcase name="VerifyTeamDirectorLink" time="0.085" classname="Orion1_Navigation.Academic"/>
</testsuite> <!-- Orion1_Navigation.Academic -->
