<?xml version="1.0" encoding="UTF-8"?>
<!-- Generated by org.testng.reporters.JUnitReportReporter -->
<testsuite hostname="G-0439" name="Orion1_Navigation.Home_AddNewLeadReferral" tests="6" failures="0" timestamp="10 Apr 2015 07:13:28 GMT" time="1.438" errors="0">
  <testcase name="VerifyFirstName" time="0.059" classname="Orion1_Navigation.Home_AddNewLeadReferral"/>
  <testcase name="VerifyStuProReferralLabel" time="0.045" classname="Orion1_Navigation.Home_AddNewLeadReferral"/>
  <testcase name="VerifyLastName" time="0.061" classname="Orion1_Navigation.Home_AddNewLeadReferral"/>
  <testcase name="VerifyEmail" time="0.052" classname="Orion1_Navigation.Home_AddNewLeadReferral"/>
  <testcase name="VerifyAddNewLeadReferralHeading" time="1.170" classname="Orion1_Navigation.Home_AddNewLeadReferral"/>
  <testcase name="VerifyReferralInfoLabel" time="0.051" classname="Orion1_Navigation.Home_AddNewLeadReferral"/>
</testsuite> <!-- Orion1_Navigation.Home_AddNewLeadReferral -->
