<?xml version="1.0" encoding="UTF-8"?>
<!-- Generated by org.testng.reporters.JUnitReportReporter -->
<testsuite hostname="G-0439" name="Orion1_Navigation.Admin" tests="18" failures="0" timestamp="23 Apr 2015 09:16:19 GMT" time="12.451" errors="0">
  <testcase name="VerifyComponentMgrLink" time="0.081" classname="Orion1_Navigation.Admin"/>
  <testcase name="VerifyCreateUserPage" time="2.871" classname="Orion1_Navigation.Admin"/>
  <testcase name="VerifyManageTaskTrackerLink" time="0.080" classname="Orion1_Navigation.Admin"/>
  <testcase name="VerifyResDataMigrationPage" time="1.296" classname="Orion1_Navigation.Admin"/>
  <testcase name="VerifyManageDepartmentsLink" time="0.070" classname="Orion1_Navigation.Admin"/>
  <testcase name="VerifyErrorReportingLink" time="0.112" classname="Orion1_Navigation.Admin"/>
  <testcase name="VerifyComponentManagerPage" time="1.487" classname="Orion1_Navigation.Admin"/>
  <testcase name="VerifyManageAssignExReasonLink" time="0.082" classname="Orion1_Navigation.Admin"/>
  <testcase name="VerifyManageUserPage" time="1.206" classname="Orion1_Navigation.Admin"/>
  <testcase name="VerifyManageCampusPage" time="1.330" classname="Orion1_Navigation.Admin"/>
  <testcase name="VerifyErrorReportingPage" time="1.455" classname="Orion1_Navigation.Admin"/>
  <testcase name="VerifyManageCampusLink" time="0.085" classname="Orion1_Navigation.Admin"/>
  <testcase name="VerifyManageDepartmentPage" time="0.985" classname="Orion1_Navigation.Admin"/>
  <testcase name="VerifyResDataMigLink" time="0.109" classname="Orion1_Navigation.Admin"/>
  <testcase name="VerifyManageHolidayPage" time="1.009" classname="Orion1_Navigation.Admin"/>
  <testcase name="VerifyManageUserLink" time="0.065" classname="Orion1_Navigation.Admin"/>
  <testcase name="VerifyCreateUserLink" time="0.057" classname="Orion1_Navigation.Admin"/>
  <testcase name="VerifyManageHolidayLink" time="0.071" classname="Orion1_Navigation.Admin"/>
</testsuite> <!-- Orion1_Navigation.Admin -->
