<?xml version="1.0" encoding="UTF-8"?>
<!-- Generated by org.testng.reporters.JUnitReportReporter -->
<testsuite hostname="G-0439" name="orion1_FileClose.FileCloseStudentManager" tests="2" failures="0" timestamp="11 Jun 2015 06:59:13 GMT" time="146.008" errors="0">
  <testcase name="SearchLeadsInformationDetails" time="12.162" classname="orion1_FileClose.FileCloseStudentManager"/>
  <testcase name="ClickOnFirstLeads" time="133.846" classname="orion1_FileClose.FileCloseStudentManager"/>
</testsuite> <!-- orion1_FileClose.FileCloseStudentManager -->
