<?xml version="1.0" encoding="UTF-8"?>
<!-- Generated by org.testng.reporters.JUnitReportReporter -->
<testsuite hostname="G-0439" name="Orion1_Navigation.Marketing" tests="10" failures="0" timestamp="23 Apr 2015 11:32:41 GMT" time="0.951" errors="0">
  <testcase name="VerifyVendor" time="0.051" classname="Orion1_Navigation.Marketing"/>
  <testcase name="VerifySIFManaerLink" time="0.083" classname="Orion1_Navigation.Marketing"/>
  <testcase name="VerifyQuesSearchLink" time="0.084" classname="Orion1_Navigation.Marketing"/>
  <testcase name="VerifyDNCLink" time="0.174" classname="Orion1_Navigation.Marketing"/>
  <testcase name="VerifySIFSearchLink" time="0.085" classname="Orion1_Navigation.Marketing"/>
  <testcase name="VerifyDispManaerLink" time="0.080" classname="Orion1_Navigation.Marketing"/>
  <testcase name="VerifyMarketingLink" time="0.068" classname="Orion1_Navigation.Marketing"/>
  <testcase name="VerifyManageSIFSitesLink" time="0.108" classname="Orion1_Navigation.Marketing"/>
  <testcase name="VerifyLeadScoringLink" time="0.142" classname="Orion1_Navigation.Marketing"/>
  <testcase name="VerifySIFComparisonLink" time="0.076" classname="Orion1_Navigation.Marketing"/>
</testsuite> <!-- Orion1_Navigation.Marketing -->
