<?xml version="1.0" encoding="UTF-8"?>
<!-- Generated by org.testng.reporters.JUnitReportReporter -->
<testsuite hostname="G-0439" name="Orion1_Navigation.DocumentsImaging" tests="6" failures="0" timestamp="7 May 2015 12:49:38 GMT" time="8.023" errors="0">
  <testcase name="VerifyProgramGroupMappingLink" time="0.101" classname="Orion1_Navigation.DocumentsImaging"/>
  <testcase name="VerifyEditorialLink" time="0.039" classname="Orion1_Navigation.DocumentsImaging"/>
  <testcase name="VerifyDocumentsSchedulingPage" time="4.403" classname="Orion1_Navigation.DocumentsImaging"/>
  <testcase name="VerifyDocumentsImagingHomeLink" time="0.169" classname="Orion1_Navigation.DocumentsImaging"/>
  <testcase name="VerifyGlobalProgramMappingLink" time="0.104" classname="Orion1_Navigation.DocumentsImaging"/>
  <testcase name="VerifyDocumentsImagingHomePage" time="3.207" classname="Orion1_Navigation.DocumentsImaging"/>
</testsuite> <!-- Orion1_Navigation.DocumentsImaging -->
