<?xml version="1.0" encoding="UTF-8"?>
<!-- Generated by org.testng.reporters.JUnitReportReporter -->
<testsuite hostname="G-0439" name="Orion1_Navigation.Marketing" tests="10" failures="0" timestamp="11 Jun 2015 06:59:13 GMT" time="3.993" errors="0">
  <testcase name="VerifyDispManaerLink" time="0.086" classname="Orion1_Navigation.Marketing"/>
  <testcase name="VerifySIFSearchLink" time="0.098" classname="Orion1_Navigation.Marketing"/>
  <testcase name="VerifyManageSIFSitesLink" time="0.097" classname="Orion1_Navigation.Marketing"/>
  <testcase name="VerifyVendor" time="0.062" classname="Orion1_Navigation.Marketing"/>
  <testcase name="VerifyQuesSearchLink" time="0.094" classname="Orion1_Navigation.Marketing"/>
  <testcase name="VerifyMarketingLink" time="0.082" classname="Orion1_Navigation.Marketing"/>
  <testcase name="VerifySIFManaerLink" time="0.092" classname="Orion1_Navigation.Marketing"/>
  <testcase name="VerifySIFComparisonLink" time="0.113" classname="Orion1_Navigation.Marketing"/>
  <testcase name="VerifyLeadScoringLink" time="0.103" classname="Orion1_Navigation.Marketing"/>
  <testcase name="VerifyDNCLink" time="3.166" classname="Orion1_Navigation.Marketing"/>
</testsuite> <!-- Orion1_Navigation.Marketing -->
