<?xml version="1.0" encoding="UTF-8"?>
<!-- Generated by org.testng.reporters.JUnitReportReporter -->
<testsuite hostname="G-0439" name="Orion1_Navigation.Home_AddNewLeadReferral" tests="6" failures="0" timestamp="11 Jun 2015 06:59:13 GMT" time="2.025" errors="0">
  <testcase name="VerifyFirstName" time="0.160" classname="Orion1_Navigation.Home_AddNewLeadReferral"/>
  <testcase name="VerifyReferralInfoLabel" time="0.062" classname="Orion1_Navigation.Home_AddNewLeadReferral"/>
  <testcase name="VerifyEmail" time="0.073" classname="Orion1_Navigation.Home_AddNewLeadReferral"/>
  <testcase name="VerifyAddNewLeadReferralHeading" time="1.599" classname="Orion1_Navigation.Home_AddNewLeadReferral"/>
  <testcase name="VerifyLastName" time="0.062" classname="Orion1_Navigation.Home_AddNewLeadReferral"/>
  <testcase name="VerifyStuProReferralLabel" time="0.069" classname="Orion1_Navigation.Home_AddNewLeadReferral"/>
</testsuite> <!-- Orion1_Navigation.Home_AddNewLeadReferral -->
