<?xml version="1.0" encoding="UTF-8"?>
<!-- Generated by org.testng.reporters.JUnitReportReporter -->
<testsuite hostname="G-0439" name="Orion1_Navigation.Home" tests="17" failures="0" timestamp="23 Apr 2015 09:16:19 GMT" time="2.118" errors="0">
  <testcase name="VerifyFinancialAid" time="0.039" classname="Orion1_Navigation.Home"/>
  <testcase name="VerifyAccounting" time="0.038" classname="Orion1_Navigation.Home"/>
  <testcase name="VerifyMyProfileImage" time="0.035" classname="Orion1_Navigation.Home"/>
  <testcase name="VerifyUniPlatform" time="0.038" classname="Orion1_Navigation.Home"/>
  <testcase name="VerifyProgMaintenance" time="0.035" classname="Orion1_Navigation.Home"/>
  <testcase name="VerifyAdmin" time="0.038" classname="Orion1_Navigation.Home"/>
  <testcase name="VerifyReports" time="0.036" classname="Orion1_Navigation.Home"/>
  <testcase name="VerifyStudentLookup" time="0.069" classname="Orion1_Navigation.Home"/>
  <testcase name="VerifyAddNewLeadReferral" time="0.035" classname="Orion1_Navigation.Home"/>
  <testcase name="VerifyLogout" time="0.033" classname="Orion1_Navigation.Home"/>
  <testcase name="VerifyAcademics" time="1.490" classname="Orion1_Navigation.Home"/>
  <testcase name="VerifyHome" time="0.040" classname="Orion1_Navigation.Home"/>
  <testcase name="VerifyMarketing" time="0.037" classname="Orion1_Navigation.Home"/>
  <testcase name="VerifyRegistrar" time="0.036" classname="Orion1_Navigation.Home"/>
  <testcase name="VerifyTicketing" time="0.037" classname="Orion1_Navigation.Home"/>
  <testcase name="VerifyWelcomeHeading" time="0.041" classname="Orion1_Navigation.Home"/>
  <testcase name="VerifyAdmissions" time="0.041" classname="Orion1_Navigation.Home"/>
</testsuite> <!-- Orion1_Navigation.Home -->
