<?xml version="1.0" encoding="UTF-8"?>
<!-- Generated by org.testng.reporters.JUnitReportReporter -->
<testsuite hostname="G-0439" name="Orion1_Navigation.Home_StudentLookup" tests="1" failures="0" timestamp="23 Apr 2015 09:24:29 GMT" time="0.050" errors="0">
  <testcase name="VerifyQueueslabel" time="0.050" classname="Orion1_Navigation.Home_StudentLookup"/>
</testsuite> <!-- Orion1_Navigation.Home_StudentLookup -->
