<?xml version="1.0" encoding="UTF-8"?>
<!-- Generated by org.testng.reporters.JUnitReportReporter -->
<testsuite hostname="G-0439" name="orion1_SearchLeads.Search_Leads" tests="2" failures="0" timestamp="2 Apr 2015 14:26:39 GMT" time="184.368" errors="0">
  <testcase name="ClickOnFirstLeads" time="151.603" classname="orion1_SearchLeads.Search_Leads"/>
  <testcase name="SearchLeadsInformationDetails" time="32.765" classname="orion1_SearchLeads.Search_Leads"/>
</testsuite> <!-- orion1_SearchLeads.Search_Leads -->
