<?xml version="1.0" encoding="UTF-8"?>
<!-- Generated by org.testng.reporters.JUnitReportReporter -->
<testsuite hostname="G-0439" name="Orion1_Navigation.Home_StudentLookup" tests="1" failures="0" timestamp="11 Jun 2015 06:59:13 GMT" time="4.041" errors="0">
  <testcase name="VerifyQueueslabel" time="4.041" classname="Orion1_Navigation.Home_StudentLookup"/>
</testsuite> <!-- Orion1_Navigation.Home_StudentLookup -->
