<?xml version="1.0" encoding="UTF-8"?>
<!-- Generated by org.testng.reporters.JUnitReportReporter -->
<testsuite hostname="G-0439" name="Orion1_Navigation.Admin" tests="18" failures="0" timestamp="11 Jun 2015 06:59:13 GMT" time="20.696" errors="0">
  <testcase name="VerifyErrorReportingLink" time="0.272" classname="Orion1_Navigation.Admin"/>
  <testcase name="VerifyManageDepartmentPage" time="1.966" classname="Orion1_Navigation.Admin"/>
  <testcase name="VerifyComponentMgrLink" time="0.107" classname="Orion1_Navigation.Admin"/>
  <testcase name="VerifyManageUserPage" time="2.512" classname="Orion1_Navigation.Admin"/>
  <testcase name="VerifyManageHolidayPage" time="1.340" classname="Orion1_Navigation.Admin"/>
  <testcase name="VerifyManageTaskTrackerLink" time="0.124" classname="Orion1_Navigation.Admin"/>
  <testcase name="VerifyManageHolidayLink" time="0.098" classname="Orion1_Navigation.Admin"/>
  <testcase name="VerifyCreateUserLink" time="0.072" classname="Orion1_Navigation.Admin"/>
  <testcase name="VerifyManageAssignExReasonLink" time="0.119" classname="Orion1_Navigation.Admin"/>
  <testcase name="VerifyCreateUserPage" time="4.082" classname="Orion1_Navigation.Admin"/>
  <testcase name="VerifyErrorReportingPage" time="3.433" classname="Orion1_Navigation.Admin"/>
  <testcase name="VerifyComponentManagerPage" time="2.902" classname="Orion1_Navigation.Admin"/>
  <testcase name="VerifyManageCampusPage" time="1.433" classname="Orion1_Navigation.Admin"/>
  <testcase name="VerifyResDataMigrationPage" time="1.756" classname="Orion1_Navigation.Admin"/>
  <testcase name="VerifyManageCampusLink" time="0.101" classname="Orion1_Navigation.Admin"/>
  <testcase name="VerifyManageDepartmentsLink" time="0.111" classname="Orion1_Navigation.Admin"/>
  <testcase name="VerifyManageUserLink" time="0.085" classname="Orion1_Navigation.Admin"/>
  <testcase name="VerifyResDataMigLink" time="0.183" classname="Orion1_Navigation.Admin"/>
</testsuite> <!-- Orion1_Navigation.Admin -->
