<?xml version="1.0" encoding="UTF-8"?>
<!-- Generated by org.testng.reporters.JUnitReportReporter -->
<testsuite hostname="G-0439" name="Orion1_Navigation.Accounting" tests="12" failures="0" timestamp="29 Apr 2015 10:14:47 GMT" time="7.325" errors="0">
  <testcase name="VerifyFileServiceLink" time="0.099" classname="Orion1_Navigation.Accounting"/>
  <testcase name="VerifyFileExportUtilityLink" time="0.079" classname="Orion1_Navigation.Accounting"/>
  <testcase name="VerifyCampusCodeManagementLinkPage" time="1.194" classname="Orion1_Navigation.Accounting"/>
  <testcase name="VerifyOutputFileManagementPage" time="0.963" classname="Orion1_Navigation.Accounting"/>
  <testcase name="VerifyTutoringLink" time="0.068" classname="Orion1_Navigation.Accounting"/>
  <testcase name="VerifyAccountingcodeManagementLink" time="0.088" classname="Orion1_Navigation.Accounting"/>
  <testcase name="VerifyDeliveryType" time="1.020" classname="Orion1_Navigation.Accounting"/>
  <testcase name="VerifyFileExportUtilityPage" time="0.937" classname="Orion1_Navigation.Accounting"/>
  <testcase name="VerifyAccountingPage" time="0.993" classname="Orion1_Navigation.Accounting"/>
  <testcase name="VerifyAcademicAdvisingLink" time="0.862" classname="Orion1_Navigation.Accounting"/>
  <testcase name="VerifyTeamDirectorLink" time="0.074" classname="Orion1_Navigation.Accounting"/>
  <testcase name="VerifyAssignmentExceptionsPage" time="0.948" classname="Orion1_Navigation.Accounting"/>
</testsuite> <!-- Orion1_Navigation.Accounting -->
