<?xml version="1.0" encoding="UTF-8"?>
<!-- Generated by org.testng.reporters.JUnitReportReporter -->
<testsuite hostname="G-0439" name="orion1_FileClose.FileCloseAdmissionManager" tests="2" failures="0" timestamp="11 Jun 2015 06:59:13 GMT" time="121.746" errors="0">
  <testcase name="ClickOnFirstLeads" time="114.874" classname="orion1_FileClose.FileCloseAdmissionManager"/>
  <testcase name="SearchLeadsInformationDetails" time="6.872" classname="orion1_FileClose.FileCloseAdmissionManager"/>
</testsuite> <!-- orion1_FileClose.FileCloseAdmissionManager -->
