<?xml version="1.0" encoding="UTF-8"?>
<!-- Generated by org.testng.reporters.JUnitReportReporter -->
<testsuite hostname="G-0439" name="orion1_FileClose.FileCloseStudentManager" tests="2" failures="0" timestamp="1 Mar 2016 14:31:09 GMT" time="168.177" errors="0">
  <testcase name="ClickOnFirstLeads" time="136.339" classname="orion1_FileClose.FileCloseStudentManager"/>
  <testcase name="SearchLeadsInformationDetails" time="31.838" classname="orion1_FileClose.FileCloseStudentManager"/>
</testsuite> <!-- orion1_FileClose.FileCloseStudentManager -->
