<?xml version="1.0" encoding="UTF-8"?>
<!-- Generated by org.testng.reporters.JUnitReportReporter -->
<testsuite hostname="G-0439" name="orion1_NewLeads.Lead_Referral" tests="3" failures="0" timestamp="10 Apr 2015 07:13:28 GMT" time="119.265" errors="0">
  <testcase name="BrowseToAddNewLeadPage" time="9.077" classname="orion1_NewLeads.Lead_Referral"/>
  <testcase name="Leads_Submit" time="5.836" classname="orion1_NewLeads.Lead_Referral"/>
  <testcase name="VerifyLeadInAdmisssionManager" time="104.352" classname="orion1_NewLeads.Lead_Referral"/>
</testsuite> <!-- orion1_NewLeads.Lead_Referral -->
