<?xml version="1.0" encoding="UTF-8"?>
<!-- Generated by org.testng.reporters.JUnitReportReporter -->
<testsuite hostname="G-0439" name="Orion1_Navigation.Admissions" tests="13" failures="0" timestamp="10 Feb 2016 10:51:16 GMT" time="37.719" errors="0">
  <testcase name="VerifyAdmissionsManagerLink" time="0.072" classname="Orion1_Navigation.Admissions"/>
  <testcase name="VerifyAppraisalsLink" time="0.091" classname="Orion1_Navigation.Admissions"/>
  <testcase name="VerifySettingsLink" time="0.107" classname="Orion1_Navigation.Admissions"/>
  <testcase name="VerifyScriptManagerLink" time="0.061" classname="Orion1_Navigation.Admissions"/>
  <testcase name="VerifyAdminLink" time="1.314" classname="Orion1_Navigation.Admissions"/>
  <testcase name="VerifyScriptManagerPage" time="16.264" classname="Orion1_Navigation.Admissions"/>
  <testcase name="VerifyOperationsLink" time="0.065" classname="Orion1_Navigation.Admissions"/>
  <testcase name="VerifyBonusTrackerLink" time="0.134" classname="Orion1_Navigation.Admissions"/>
  <testcase name="VerifyAdmissionAdminPage" time="3.581" classname="Orion1_Navigation.Admissions"/>
  <testcase name="VerifyEnrollmentExceptionsLink" time="0.091" classname="Orion1_Navigation.Admissions"/>
  <testcase name="VerifySkillsCutOffManagerPage" time="4.321" classname="Orion1_Navigation.Admissions"/>
  <testcase name="VerifySkillsCutoffMgrLink" time="0.056" classname="Orion1_Navigation.Admissions"/>
  <testcase name="VerifyAdmissionsManagerPage" time="11.562" classname="Orion1_Navigation.Admissions"/>
</testsuite> <!-- Orion1_Navigation.Admissions -->
