<?xml version="1.0" encoding="UTF-8"?>
<!-- Generated by org.testng.reporters.JUnitReportReporter -->
<testsuite hostname="G-0439" name="Orion1_Navigation.Academic" tests="13" failures="0" timestamp="11 Jun 2015 06:59:13 GMT" time="10.500" errors="0">
  <testcase name="VerifyAdminLink" time="0.097" classname="Orion1_Navigation.Academic"/>
  <testcase name="VerifyAcademicAdvisingPage" time="2.549" classname="Orion1_Navigation.Academic"/>
  <testcase name="VerifyTutoringLink" time="0.183" classname="Orion1_Navigation.Academic"/>
  <testcase name="VerifyEnrollmentExceptionsLink" time="0.284" classname="Orion1_Navigation.Academic"/>
  <testcase name="VerifyRepGroupLink" time="0.103" classname="Orion1_Navigation.Academic"/>
  <testcase name="VerifyTeamDirectorLink" time="0.111" classname="Orion1_Navigation.Academic"/>
  <testcase name="VerifyMLink" time="0.195" classname="Orion1_Navigation.Academic"/>
  <testcase name="VerifyAssignmentExceptionsPage" time="1.772" classname="Orion1_Navigation.Academic"/>
  <testcase name="VerifyAdminPage" time="1.265" classname="Orion1_Navigation.Academic"/>
  <testcase name="VerifyTutoringViewPage" time="1.635" classname="Orion1_Navigation.Academic"/>
  <testcase name="VerifyAcademicAdvisingLink" time="0.868" classname="Orion1_Navigation.Academic"/>
  <testcase name="VerifyAssignmentExceptionLink" time="0.231" classname="Orion1_Navigation.Academic"/>
  <testcase name="VerifyAdvisorAssignmentLinkPage" time="1.207" classname="Orion1_Navigation.Academic"/>
</testsuite> <!-- Orion1_Navigation.Academic -->
