<?xml version="1.0" encoding="UTF-8"?>
<!-- Generated by org.testng.reporters.JUnitReportReporter -->
<testsuite hostname="G-0439" name="Orion1_Navigation.Editorial" tests="7" failures="0" timestamp="30 Apr 2015 11:07:55 GMT" time="4.518" errors="0">
  <testcase name="VerifyEditorialLink" time="0.574" classname="Orion1_Navigation.Editorial"/>
  <testcase name="VerifyGlobalProgramMappingPage" time="1.324" classname="Orion1_Navigation.Editorial"/>
  <testcase name="VerifyProgramMappingLink" time="0.064" classname="Orion1_Navigation.Editorial"/>
  <testcase name="VerifyProgramMappingPage" time="1.067" classname="Orion1_Navigation.Editorial"/>
  <testcase name="VerifyProgramGroupMappingPage" time="1.354" classname="Orion1_Navigation.Editorial"/>
  <testcase name="VerifyProgramGroupMappingLink" time="0.065" classname="Orion1_Navigation.Editorial"/>
  <testcase name="VerifyGlobalProgramMappingLink" time="0.070" classname="Orion1_Navigation.Editorial"/>
</testsuite> <!-- Orion1_Navigation.Editorial -->
