<?xml version="1.0" encoding="UTF-8"?>
<!-- Generated by org.testng.reporters.JUnitReportReporter -->
<testsuite hostname="G-0439" name="Orion1_Navigation.ChangeCampus" tests="3" failures="0" timestamp="10 Apr 2015 07:13:28 GMT" time="21.607" errors="0">
  <testcase name="ChangetoCampus" time="6.419" classname="Orion1_Navigation.ChangeCampus"/>
  <testcase name="SearchUser" time="5.398" classname="Orion1_Navigation.ChangeCampus"/>
  <testcase name="VerifyChangetoCampus" time="9.790" classname="Orion1_Navigation.ChangeCampus"/>
</testsuite> <!-- Orion1_Navigation.ChangeCampus -->
