<?xml version="1.0" encoding="UTF-8"?>
<!-- Generated by org.testng.reporters.JUnitReportReporter -->
<testsuite hostname="G-0439" name="orion1_NewLeads.Lead_WarmTransfer" tests="6" failures="0" timestamp="10 Apr 2015 07:13:28 GMT" time="118.113" errors="0">
  <testcase name="Leads_Details" time="2.578" classname="orion1_NewLeads.Lead_WarmTransfer"/>
  <testcase name="VerifyLeadInAdmisssionManager" time="105.664" classname="orion1_NewLeads.Lead_WarmTransfer"/>
  <testcase name="Leads_ClassificationDetails" time="2.371" classname="orion1_NewLeads.Lead_WarmTransfer"/>
  <testcase name="Leads_ProgramOfInterest" time="1.069" classname="orion1_NewLeads.Lead_WarmTransfer"/>
  <testcase name="SubmitLead" time="1.249" classname="orion1_NewLeads.Lead_WarmTransfer"/>
  <testcase name="BrowseToAddNewLeadPage" time="5.182" classname="orion1_NewLeads.Lead_WarmTransfer"/>
</testsuite> <!-- orion1_NewLeads.Lead_WarmTransfer -->
