<?xml version="1.0" encoding="UTF-8"?>
<!-- Generated by org.testng.reporters.JUnitReportReporter -->
<testsuite hostname="G-0439" name="orion1_NewLeads.StudentManager" tests="7" failures="0" timestamp="15 Apr 2015 14:14:39 GMT" time="566.116" errors="0">
  <testcase name="Leads_ClassificationDetails" time="2.400" classname="orion1_NewLeads.StudentManager"/>
  <testcase name="Leads_ProgramOfInterest" time="1.260" classname="orion1_NewLeads.StudentManager"/>
  <testcase name="BrowseToAddNewLeadPage" time="5.738" classname="orion1_NewLeads.StudentManager"/>
  <testcase name="ContactInformationTabDetails" time="444.507" classname="orion1_NewLeads.StudentManager"/>
  <testcase name="VerifyLeadInAdmisssionManager" time="104.504" classname="orion1_NewLeads.StudentManager"/>
  <testcase name="Leads_Details" time="2.702" classname="orion1_NewLeads.StudentManager"/>
  <testcase name="SubmitLead" time="5.005" classname="orion1_NewLeads.StudentManager"/>
</testsuite> <!-- orion1_NewLeads.StudentManager -->
