<?xml version="1.0" encoding="UTF-8"?>
<!-- Generated by org.testng.reporters.JUnitReportReporter -->
<testsuite hostname="G-0439" name="Orion1_Navigation.Home_StudentLookup" tests="1" failures="0" timestamp="10 Apr 2015 07:13:28 GMT" time="3.243" errors="0">
  <testcase name="VerifyQueueslabel" time="3.243" classname="Orion1_Navigation.Home_StudentLookup"/>
</testsuite> <!-- Orion1_Navigation.Home_StudentLookup -->
