<?xml version="1.0" encoding="UTF-8"?>
<!-- Generated by org.testng.reporters.JUnitReportReporter -->
<testsuite hostname="G-0439" name="Orion1_Navigation.Home_AddNewLeadReferral" tests="6" failures="0" timestamp="23 Apr 2015 09:16:19 GMT" time="2.214" errors="0">
  <testcase name="VerifyAddNewLeadReferralHeading" time="2.004" classname="Orion1_Navigation.Home_AddNewLeadReferral"/>
  <testcase name="VerifyLastName" time="0.044" classname="Orion1_Navigation.Home_AddNewLeadReferral"/>
  <testcase name="VerifyFirstName" time="0.043" classname="Orion1_Navigation.Home_AddNewLeadReferral"/>
  <testcase name="VerifyReferralInfoLabel" time="0.041" classname="Orion1_Navigation.Home_AddNewLeadReferral"/>
  <testcase name="VerifyStuProReferralLabel" time="0.039" classname="Orion1_Navigation.Home_AddNewLeadReferral"/>
  <testcase name="VerifyEmail" time="0.043" classname="Orion1_Navigation.Home_AddNewLeadReferral"/>
</testsuite> <!-- Orion1_Navigation.Home_AddNewLeadReferral -->
