<?xml version="1.0" encoding="UTF-8"?>
<!-- Generated by org.testng.reporters.JUnitReportReporter -->
<testsuite hostname="G-0439" name="orion1_NewLeads.Lead_InfoCall" tests="6" failures="0" timestamp="8 Apr 2015 10:21:29 GMT" time="118.703" errors="0">
  <testcase name="Leads_ProgramOfInterest" time="1.137" classname="orion1_NewLeads.Lead_InfoCall"/>
  <testcase name="Leads_Details" time="2.339" classname="orion1_NewLeads.Lead_InfoCall"/>
  <testcase name="BrowseToAddNewLeadPage" time="5.797" classname="orion1_NewLeads.Lead_InfoCall"/>
  <testcase name="VerifyLeadInAdmisssionManager" time="104.043" classname="orion1_NewLeads.Lead_InfoCall"/>
  <testcase name="Leads_ClassificationDetails" time="1.770" classname="orion1_NewLeads.Lead_InfoCall"/>
  <testcase name="SubmitLead" time="3.617" classname="orion1_NewLeads.Lead_InfoCall"/>
</testsuite> <!-- orion1_NewLeads.Lead_InfoCall -->
