<?xml version="1.0" encoding="UTF-8"?>
<!-- Generated by org.testng.reporters.JUnitReportReporter -->
<testsuite hostname="G-0439" name="orion1_NewLeads.StudentManager" tests="7" failures="0" timestamp="10 Feb 2016 12:51:38 GMT" time="410.506" errors="0">
  <testcase name="VerifyLeadInAdmisssionManager" time="114.601" classname="orion1_NewLeads.StudentManager"/>
  <testcase name="BrowseToAddNewLeadPage" time="15.702" classname="orion1_NewLeads.StudentManager"/>
  <testcase name="Leads_ClassificationDetails" time="5.041" classname="orion1_NewLeads.StudentManager"/>
  <testcase name="ContactInformationTabDetails" time="262.358" classname="orion1_NewLeads.StudentManager"/>
  <testcase name="SubmitLead" time="5.767" classname="orion1_NewLeads.StudentManager"/>
  <testcase name="Leads_ProgramOfInterest" time="2.644" classname="orion1_NewLeads.StudentManager"/>
  <testcase name="Leads_Details" time="4.393" classname="orion1_NewLeads.StudentManager"/>
</testsuite> <!-- orion1_NewLeads.StudentManager -->
