<?xml version="1.0" encoding="UTF-8"?>
<!-- Generated by org.testng.reporters.JUnitReportReporter -->
<testsuite hostname="G-0439" name="orion1_NewLeads.Lead_LiveChat" tests="6" failures="0" timestamp="10 Apr 2015 07:13:28 GMT" time="120.619" errors="0">
  <testcase name="Leads_ProgramOfInterest" time="1.615" classname="orion1_NewLeads.Lead_LiveChat"/>
  <testcase name="Leads_ClassificationDetails" time="2.714" classname="orion1_NewLeads.Lead_LiveChat"/>
  <testcase name="SubmitLead" time="2.234" classname="orion1_NewLeads.Lead_LiveChat"/>
  <testcase name="VerifyLeadInAdmisssionManager" time="105.407" classname="orion1_NewLeads.Lead_LiveChat"/>
  <testcase name="BrowseToAddNewLeadPage" time="5.267" classname="orion1_NewLeads.Lead_LiveChat"/>
  <testcase name="Leads_Details" time="3.382" classname="orion1_NewLeads.Lead_LiveChat"/>
</testsuite> <!-- orion1_NewLeads.Lead_LiveChat -->
