<?xml version="1.0" encoding="UTF-8"?>
<!-- Generated by org.testng.reporters.JUnitReportReporter -->
<testsuite hostname="G-0439" name="Orion1_Navigation.Accounting" tests="12" failures="0" timestamp="11 Jun 2015 06:59:13 GMT" time="8.549" errors="0">
  <testcase name="VerifyAccountingPage" time="1.256" classname="Orion1_Navigation.Accounting"/>
  <testcase name="VerifyAssignmentExceptionsPage" time="1.120" classname="Orion1_Navigation.Accounting"/>
  <testcase name="VerifyFileExportUtilityPage" time="1.196" classname="Orion1_Navigation.Accounting"/>
  <testcase name="VerifyTutoringLink" time="0.078" classname="Orion1_Navigation.Accounting"/>
  <testcase name="VerifyDeliveryType" time="1.250" classname="Orion1_Navigation.Accounting"/>
  <testcase name="VerifyTeamDirectorLink" time="0.076" classname="Orion1_Navigation.Accounting"/>
  <testcase name="VerifyCampusCodeManagementLinkPage" time="1.238" classname="Orion1_Navigation.Accounting"/>
  <testcase name="VerifyAccountingcodeManagementLink" time="0.096" classname="Orion1_Navigation.Accounting"/>
  <testcase name="VerifyAcademicAdvisingLink" time="0.853" classname="Orion1_Navigation.Accounting"/>
  <testcase name="VerifyFileExportUtilityLink" time="0.109" classname="Orion1_Navigation.Accounting"/>
  <testcase name="VerifyFileServiceLink" time="0.091" classname="Orion1_Navigation.Accounting"/>
  <testcase name="VerifyOutputFileManagementPage" time="1.186" classname="Orion1_Navigation.Accounting"/>
</testsuite> <!-- Orion1_Navigation.Accounting -->
