<?xml version="1.0" encoding="UTF-8"?>
<!-- Generated by org.testng.reporters.JUnitReportReporter -->
<testsuite hostname="G-0439" name="Orion1_Navigation.Ticketing" tests="1" failures="0" timestamp="10 Feb 2016 12:40:39 GMT" time="6.508" errors="0">
  <testcase name="VerifyTicketingHomeLink" time="6.508" classname="Orion1_Navigation.Ticketing"/>
</testsuite> <!-- Orion1_Navigation.Ticketing -->
