<?xml version="1.0" encoding="UTF-8"?>
<!-- Generated by org.testng.reporters.JUnitReportReporter -->
<testsuite hostname="G-0439" name="Orion1_Navigation.Editorial" tests="7" failures="0" timestamp="11 Jun 2015 06:59:13 GMT" time="6.863" errors="0">
  <testcase name="VerifyGlobalProgramMappingLink" time="0.083" classname="Orion1_Navigation.Editorial"/>
  <testcase name="VerifyEditorialLink" time="0.814" classname="Orion1_Navigation.Editorial"/>
  <testcase name="VerifyGlobalProgramMappingPage" time="1.756" classname="Orion1_Navigation.Editorial"/>
  <testcase name="VerifyProgramMappingPage" time="2.451" classname="Orion1_Navigation.Editorial"/>
  <testcase name="VerifyProgramGroupMappingLink" time="0.081" classname="Orion1_Navigation.Editorial"/>
  <testcase name="VerifyProgramGroupMappingPage" time="1.598" classname="Orion1_Navigation.Editorial"/>
  <testcase name="VerifyProgramMappingLink" time="0.080" classname="Orion1_Navigation.Editorial"/>
</testsuite> <!-- Orion1_Navigation.Editorial -->
