<?xml version="1.0" encoding="UTF-8"?>
<!-- Generated by org.testng.reporters.JUnitReportReporter -->
<testsuite hostname="G-0439" name="Orion1_Navigation.Ticketing" tests="4" failures="0" timestamp="5 May 2015 10:29:18 GMT" time="7.599" errors="0">
  <testcase name="VerifyActivityTypeAdminLink" time="7.403" classname="Orion1_Navigation.Ticketing"/>
  <testcase name="VerifyTicketingAdminLink" time="0.072" classname="Orion1_Navigation.Ticketing"/>
  <testcase name="VerifyTicketingDashboardLink" time="0.065" classname="Orion1_Navigation.Ticketing"/>
  <testcase name="VerifyTicketingHomeLink" time="0.059" classname="Orion1_Navigation.Ticketing"/>
</testsuite> <!-- Orion1_Navigation.Ticketing -->
