<?xml version="1.0" encoding="UTF-8"?>
<!-- Generated by org.testng.reporters.JUnitReportReporter -->
<testsuite hostname="G-0439" name="orion1_FileClose.FileCloseAdmissionManager" tests="2" failures="0" timestamp="1 Mar 2016 14:44:43 GMT" time="194.888" errors="0">
  <testcase name="ClickOnFirstLeads" time="160.401" classname="orion1_FileClose.FileCloseAdmissionManager"/>
  <testcase name="SearchLeadsInformationDetails" time="34.487" classname="orion1_FileClose.FileCloseAdmissionManager"/>
</testsuite> <!-- orion1_FileClose.FileCloseAdmissionManager -->
